INFO to LOGFILE on Mon Jan 25 17:56:16 CET 2016 by de.dfki.vsm.util.log.LOGDefaultLogger in Thread[main,5,main] at de.dfki.vsm.runtime.project.RunTimeProject.parseProjectConfig(RunTimeProject.java:306)
Loaded project configuration file in path'res\prj\vsm':
<?xml version="1.0" encoding="UTF-8"?>
<Project name="">
  <Plugins>
  </Plugins>
  <Players>
    <Player name="defaultsceneplayer" class="eu.kristina.vsm.KristinaScenePlayer">
      <Feature key="vsm.agent.number" value="0"/>
      <Feature key="vsm.agent.0.name" value="none"/>
      <Feature key="vsm.agent.0.uaid" value="1"/>
      <Feature key="vsm.agent.0.type" value="tcp"/>
      <Feature key="vsm.agent.0.local.host" value="localhost"/>
      <Feature key="vsm.agent.0.local.port" value="1100"/>
      <Feature key="vsm.agent.0.remote.host" value="webglstudio.org"/>
      <Feature key="vsm.agent.0.remote.port" value="9900"/>
      <Feature key="vsm.agent.0.remote.flag" value="true"/>
      <Feature key="ssi.service.url" value="http://137.250.171.230:11193/fusion/Service.svc/getCurrent"/>
    </Player>
  </Players>
  <Agents>
  </Agents>
</Project>

INFO to LOGFILE on Mon Jan 25 17:56:16 CET 2016 by de.dfki.vsm.util.log.LOGDefaultLogger in Thread[main,5,main] at de.dfki.vsm.runtime.project.RunTimeProject.parseSceneFlow(RunTimeProject.java:378)
Loaded sceneflow configuration file in path 'res\prj\vsm':
KBM

INFO to LOGFILE on Mon Jan 25 17:56:16 CET 2016 by de.dfki.vsm.util.log.LOGDefaultLogger in Thread[main,5,main] at de.dfki.vsm.runtime.project.RunTimeProject.parseSceneScript(RunTimeProject.java:447)
Loaded scenescript configuration file in path'res\prj\vsm':
<SceneScript lower="0" upper="0">
</SceneScript>

INFO to LOGFILE on Mon Jan 25 17:56:16 CET 2016 by de.dfki.vsm.util.log.LOGDefaultLogger in Thread[main,5,main] at de.dfki.vsm.runtime.project.RunTimeProject.parseActiconConfig(RunTimeProject.java:518)
Loaded acticon configuration file in path'res\prj\vsm':
<Acticon>
</Acticon>

INFO to LOGFILE on Mon Jan 25 17:56:16 CET 2016 by de.dfki.vsm.util.log.LOGDefaultLogger in Thread[main,5,main] at de.dfki.vsm.runtime.project.RunTimeProject.parseVisiconConfig(RunTimeProject.java:658)
Loaded visicon configuration file in path'res\prj\vsm':
<Visicon>
</Visicon>

INFO to LOGFILE on Mon Jan 25 17:56:16 CET 2016 by de.dfki.vsm.util.log.LOGDefaultLogger in Thread[main,5,main] at de.dfki.vsm.runtime.project.RunTimeProject.parseGesticonConfig(RunTimeProject.java:589)
Loaded gesticon configuration file in path'res\prj\vsm':
<Gesticon>
</Gesticon>

INFO to LOGFILE on Mon Jan 25 17:56:42 CET 2016 by de.dfki.vsm.util.log.LOGDefaultLogger in Thread[pool-1-thread-1,5,main] at de.dfki.vsm.runtime.project.RunTimeProject.loadPlayers(RunTimeProject.java:758)
Loading player 'eu.kristina.vsm.KristinaScenePlayer@741f673a' with plugin config:
<Player name="defaultsceneplayer" class="eu.kristina.vsm.KristinaScenePlayer">
  <Feature key="vsm.agent.number" value="0"/>
  <Feature key="vsm.agent.0.name" value="none"/>
  <Feature key="vsm.agent.0.uaid" value="1"/>
  <Feature key="vsm.agent.0.type" value="tcp"/>
  <Feature key="vsm.agent.0.local.host" value="localhost"/>
  <Feature key="vsm.agent.0.local.port" value="1100"/>
  <Feature key="vsm.agent.0.remote.host" value="webglstudio.org"/>
  <Feature key="vsm.agent.0.remote.port" value="9900"/>
  <Feature key="vsm.agent.0.remote.flag" value="true"/>
  <Feature key="ssi.service.url" value="http://137.250.171.230:11193/fusion/Service.svc/getCurrent"/>
</Player>

INFO to LOGFILE on Mon Jan 25 17:56:42 CET 2016 by de.dfki.vsm.util.log.LOGDefaultLogger in Thread[pool-1-thread-1,5,main] at eu.kristina.vsm.KristinaScenePlayer.launch(KristinaScenePlayer.java:77)
Launching scene player 'eu.kristina.vsm.KristinaScenePlayer@741f673a' with configuration:
<Player name="defaultsceneplayer" class="eu.kristina.vsm.KristinaScenePlayer">
  <Feature key="vsm.agent.number" value="0"/>
  <Feature key="vsm.agent.0.name" value="none"/>
  <Feature key="vsm.agent.0.uaid" value="1"/>
  <Feature key="vsm.agent.0.type" value="tcp"/>
  <Feature key="vsm.agent.0.local.host" value="localhost"/>
  <Feature key="vsm.agent.0.local.port" value="1100"/>
  <Feature key="vsm.agent.0.remote.host" value="webglstudio.org"/>
  <Feature key="vsm.agent.0.remote.port" value="9900"/>
  <Feature key="vsm.agent.0.remote.flag" value="true"/>
  <Feature key="ssi.service.url" value="http://137.250.171.230:11193/fusion/Service.svc/getCurrent"/>
</Player>

INFO to LOGFILE on Mon Jan 25 17:56:42 CET 2016 by de.dfki.vsm.util.log.LOGDefaultLogger in Thread[Thread-4,5,main] at eu.kristina.eca.ECACommandClient.run(ECACommandClient.java:75)
Reading Message'1453740889697'

INFO to LOGFILE on Mon Jan 25 17:56:42 CET 2016 by de.dfki.vsm.util.log.LOGDefaultLogger in Thread[Thread-4,5,main] at eu.kristina.eca.ECACommandClient.run(ECACommandClient.java:75)
Reading Message'ClientID: hcm'

INFO to LOGFILE on Mon Jan 25 17:57:07 CET 2016 by de.dfki.vsm.util.log.LOGDefaultLogger in Thread[pool-1-thread-1,5,main] at eu.kristina.vsm.KristinaScenePlayer.unload(KristinaScenePlayer.java:85)
Unloading scene player 'eu.kristina.vsm.KristinaScenePlayer@741f673a' with configuration:
<Player name="defaultsceneplayer" class="eu.kristina.vsm.KristinaScenePlayer">
  <Feature key="vsm.agent.number" value="0"/>
  <Feature key="vsm.agent.0.name" value="none"/>
  <Feature key="vsm.agent.0.uaid" value="1"/>
  <Feature key="vsm.agent.0.type" value="tcp"/>
  <Feature key="vsm.agent.0.local.host" value="localhost"/>
  <Feature key="vsm.agent.0.local.port" value="1100"/>
  <Feature key="vsm.agent.0.remote.host" value="webglstudio.org"/>
  <Feature key="vsm.agent.0.remote.port" value="9900"/>
  <Feature key="vsm.agent.0.remote.flag" value="true"/>
  <Feature key="ssi.service.url" value="http://137.250.171.230:11193/fusion/Service.svc/getCurrent"/>
</Player>

SEVERE to LOGFILE on Mon Jan 25 17:57:07 CET 2016 by de.dfki.vsm.util.log.LOGDefaultLogger in Thread[Thread-4,5,main] at eu.kristina.eca.ECACommandClient.recv(ECACommandClient.java:111)
java.net.SocketException: Socket closed

INFO to LOGFILE on Mon Jan 25 17:57:31 CET 2016 by de.dfki.vsm.util.log.LOGDefaultLogger in Thread[pool-1-thread-1,5,main] at de.dfki.vsm.runtime.project.RunTimeProject.loadPlayers(RunTimeProject.java:758)
Loading player 'eu.kristina.vsm.KristinaScenePlayer@741f673a' with plugin config:
<Player name="defaultsceneplayer" class="eu.kristina.vsm.KristinaScenePlayer">
  <Feature key="vsm.agent.number" value="0"/>
  <Feature key="vsm.agent.0.name" value="none"/>
  <Feature key="vsm.agent.0.uaid" value="1"/>
  <Feature key="vsm.agent.0.type" value="tcp"/>
  <Feature key="vsm.agent.0.local.host" value="localhost"/>
  <Feature key="vsm.agent.0.local.port" value="1100"/>
  <Feature key="vsm.agent.0.remote.host" value="webglstudio.org"/>
  <Feature key="vsm.agent.0.remote.port" value="9900"/>
  <Feature key="vsm.agent.0.remote.flag" value="true"/>
  <Feature key="ssi.service.url" value="http://137.250.171.230:11193/fusion/Service.svc/getCurrent"/>
</Player>

INFO to LOGFILE on Mon Jan 25 17:57:31 CET 2016 by de.dfki.vsm.util.log.LOGDefaultLogger in Thread[pool-1-thread-1,5,main] at eu.kristina.vsm.KristinaScenePlayer.launch(KristinaScenePlayer.java:77)
Launching scene player 'eu.kristina.vsm.KristinaScenePlayer@741f673a' with configuration:
<Player name="defaultsceneplayer" class="eu.kristina.vsm.KristinaScenePlayer">
  <Feature key="vsm.agent.number" value="0"/>
  <Feature key="vsm.agent.0.name" value="none"/>
  <Feature key="vsm.agent.0.uaid" value="1"/>
  <Feature key="vsm.agent.0.type" value="tcp"/>
  <Feature key="vsm.agent.0.local.host" value="localhost"/>
  <Feature key="vsm.agent.0.local.port" value="1100"/>
  <Feature key="vsm.agent.0.remote.host" value="webglstudio.org"/>
  <Feature key="vsm.agent.0.remote.port" value="9900"/>
  <Feature key="vsm.agent.0.remote.flag" value="true"/>
  <Feature key="ssi.service.url" value="http://137.250.171.230:11193/fusion/Service.svc/getCurrent"/>
</Player>

INFO to LOGFILE on Mon Jan 25 17:57:31 CET 2016 by de.dfki.vsm.util.log.LOGDefaultLogger in Thread[Thread-7,5,main] at eu.kristina.eca.ECACommandClient.run(ECACommandClient.java:75)
Reading Message'1453740937984'

INFO to LOGFILE on Mon Jan 25 17:57:31 CET 2016 by de.dfki.vsm.util.log.LOGDefaultLogger in Thread[Thread-7,5,main] at eu.kristina.eca.ECACommandClient.run(ECACommandClient.java:75)
Reading Message'ClientID: hcm'

INFO to LOGFILE on Mon Jan 25 17:57:40 CET 2016 by de.dfki.vsm.util.log.LOGDefaultLogger in Thread[Thread-7,5,main] at eu.kristina.eca.ECACommandClient.run(ECACommandClient.java:75)
Reading Message'New client id: hcm'

INFO to LOGFILE on Mon Jan 25 17:57:48 CET 2016 by de.dfki.vsm.util.log.LOGDefaultLogger in Thread[pool-1-thread-1,5,main] at eu.kristina.vsm.KristinaScenePlayer.unload(KristinaScenePlayer.java:85)
Unloading scene player 'eu.kristina.vsm.KristinaScenePlayer@741f673a' with configuration:
<Player name="defaultsceneplayer" class="eu.kristina.vsm.KristinaScenePlayer">
  <Feature key="vsm.agent.number" value="0"/>
  <Feature key="vsm.agent.0.name" value="none"/>
  <Feature key="vsm.agent.0.uaid" value="1"/>
  <Feature key="vsm.agent.0.type" value="tcp"/>
  <Feature key="vsm.agent.0.local.host" value="localhost"/>
  <Feature key="vsm.agent.0.local.port" value="1100"/>
  <Feature key="vsm.agent.0.remote.host" value="webglstudio.org"/>
  <Feature key="vsm.agent.0.remote.port" value="9900"/>
  <Feature key="vsm.agent.0.remote.flag" value="true"/>
  <Feature key="ssi.service.url" value="http://137.250.171.230:11193/fusion/Service.svc/getCurrent"/>
</Player>

SEVERE to LOGFILE on Mon Jan 25 17:57:48 CET 2016 by de.dfki.vsm.util.log.LOGDefaultLogger in Thread[Thread-7,5,main] at eu.kristina.eca.ECACommandClient.recv(ECACommandClient.java:111)
java.net.SocketException: Socket closed

INFO to LOGFILE on Mon Jan 25 17:57:55 CET 2016 by de.dfki.vsm.util.log.LOGDefaultLogger in Thread[pool-1-thread-1,5,main] at de.dfki.vsm.runtime.project.RunTimeProject.loadPlayers(RunTimeProject.java:758)
Loading player 'eu.kristina.vsm.KristinaScenePlayer@741f673a' with plugin config:
<Player name="defaultsceneplayer" class="eu.kristina.vsm.KristinaScenePlayer">
  <Feature key="vsm.agent.number" value="0"/>
  <Feature key="vsm.agent.0.name" value="none"/>
  <Feature key="vsm.agent.0.uaid" value="1"/>
  <Feature key="vsm.agent.0.type" value="tcp"/>
  <Feature key="vsm.agent.0.local.host" value="localhost"/>
  <Feature key="vsm.agent.0.local.port" value="1100"/>
  <Feature key="vsm.agent.0.remote.host" value="webglstudio.org"/>
  <Feature key="vsm.agent.0.remote.port" value="9900"/>
  <Feature key="vsm.agent.0.remote.flag" value="true"/>
  <Feature key="ssi.service.url" value="http://137.250.171.230:11193/fusion/Service.svc/getCurrent"/>
</Player>

INFO to LOGFILE on Mon Jan 25 17:57:55 CET 2016 by de.dfki.vsm.util.log.LOGDefaultLogger in Thread[pool-1-thread-1,5,main] at eu.kristina.vsm.KristinaScenePlayer.launch(KristinaScenePlayer.java:77)
Launching scene player 'eu.kristina.vsm.KristinaScenePlayer@741f673a' with configuration:
<Player name="defaultsceneplayer" class="eu.kristina.vsm.KristinaScenePlayer">
  <Feature key="vsm.agent.number" value="0"/>
  <Feature key="vsm.agent.0.name" value="none"/>
  <Feature key="vsm.agent.0.uaid" value="1"/>
  <Feature key="vsm.agent.0.type" value="tcp"/>
  <Feature key="vsm.agent.0.local.host" value="localhost"/>
  <Feature key="vsm.agent.0.local.port" value="1100"/>
  <Feature key="vsm.agent.0.remote.host" value="webglstudio.org"/>
  <Feature key="vsm.agent.0.remote.port" value="9900"/>
  <Feature key="vsm.agent.0.remote.flag" value="true"/>
  <Feature key="ssi.service.url" value="http://137.250.171.230:11193/fusion/Service.svc/getCurrent"/>
</Player>

INFO to LOGFILE on Mon Jan 25 17:57:55 CET 2016 by de.dfki.vsm.util.log.LOGDefaultLogger in Thread[Thread-9,5,main] at eu.kristina.eca.ECACommandClient.run(ECACommandClient.java:75)
Reading Message'1453740962543'

INFO to LOGFILE on Mon Jan 25 17:57:55 CET 2016 by de.dfki.vsm.util.log.LOGDefaultLogger in Thread[Thread-9,5,main] at eu.kristina.eca.ECACommandClient.run(ECACommandClient.java:75)
Reading Message'ClientID: hcm'

INFO to LOGFILE on Mon Jan 25 17:57:55 CET 2016 by de.dfki.vsm.util.log.LOGDefaultLogger in Thread[Thread-9,5,main] at eu.kristina.eca.ECACommandClient.run(ECACommandClient.java:75)
Reading Message'ClientID: hcm'

INFO to LOGFILE on Mon Jan 25 17:58:08 CET 2016 by de.dfki.vsm.util.log.LOGDefaultLogger in Thread[pool-1-thread-1,5,main] at eu.kristina.vsm.KristinaScenePlayer.unload(KristinaScenePlayer.java:85)
Unloading scene player 'eu.kristina.vsm.KristinaScenePlayer@741f673a' with configuration:
<Player name="defaultsceneplayer" class="eu.kristina.vsm.KristinaScenePlayer">
  <Feature key="vsm.agent.number" value="0"/>
  <Feature key="vsm.agent.0.name" value="none"/>
  <Feature key="vsm.agent.0.uaid" value="1"/>
  <Feature key="vsm.agent.0.type" value="tcp"/>
  <Feature key="vsm.agent.0.local.host" value="localhost"/>
  <Feature key="vsm.agent.0.local.port" value="1100"/>
  <Feature key="vsm.agent.0.remote.host" value="webglstudio.org"/>
  <Feature key="vsm.agent.0.remote.port" value="9900"/>
  <Feature key="vsm.agent.0.remote.flag" value="true"/>
  <Feature key="ssi.service.url" value="http://137.250.171.230:11193/fusion/Service.svc/getCurrent"/>
</Player>

SEVERE to LOGFILE on Mon Jan 25 17:58:08 CET 2016 by de.dfki.vsm.util.log.LOGDefaultLogger in Thread[Thread-9,5,main] at eu.kristina.eca.ECACommandClient.recv(ECACommandClient.java:111)
java.net.SocketException: Socket closed

INFO to LOGFILE on Tue Jan 26 09:38:33 CET 2016 by de.dfki.vsm.util.log.LOGDefaultLogger in Thread[Thread-2,5,main] at eu.kristina.eca.ECACommandClient.run(ECACommandClient.java:75)
Reading Message'1453797400554'

INFO to LOGFILE on Tue Jan 26 09:38:33 CET 2016 by de.dfki.vsm.util.log.LOGDefaultLogger in Thread[Thread-2,5,main] at eu.kristina.eca.ECACommandClient.run(ECACommandClient.java:75)
Reading Message'ClientID: hcm'

SEVERE to LOGFILE on Tue Jan 26 09:40:40 CET 2016 by de.dfki.vsm.util.log.LOGDefaultLogger in Thread[Thread-2,5,main] at eu.kristina.eca.ECACommandClient.recv(ECACommandClient.java:111)
java.net.SocketException: Socket closed

INFO to LOGFILE on Tue Jan 26 10:11:20 CET 2016 by de.dfki.vsm.util.log.LOGDefaultLogger in Thread[Thread-2,5,main] at eu.kristina.eca.ECACommandClient.run(ECACommandClient.java:75)
Reading Message'1453799368071'

INFO to LOGFILE on Tue Jan 26 10:11:21 CET 2016 by de.dfki.vsm.util.log.LOGDefaultLogger in Thread[Thread-2,5,main] at eu.kristina.eca.ECACommandClient.run(ECACommandClient.java:75)
Reading Message'ClientID: hcm'

INFO to LOGFILE on Tue Jan 26 10:54:54 CET 2016 by de.dfki.vsm.util.log.LOGDefaultLogger in Thread[Thread-2,5,main] at eu.kristina.eca.ECACommandClient.run(ECACommandClient.java:75)
Reading Message'New client id: hcm'

INFO to LOGFILE on Tue Jan 26 11:41:16 CET 2016 by de.dfki.vsm.util.log.LOGDefaultLogger in Thread[Thread-2,5,main] at eu.kristina.eca.ECACommandClient.run(ECACommandClient.java:75)
Reading Message'Client gone: hcm'

INFO to LOGFILE on Tue Jan 26 12:56:34 CET 2016 by de.dfki.vsm.util.log.LOGDefaultLogger in Thread[Thread-2,5,main] at eu.kristina.vsm.eca.ECASocketHandler.run(ECASocketHandler.java:75)
Reading Message'1453809281502'

INFO to LOGFILE on Tue Jan 26 12:56:35 CET 2016 by de.dfki.vsm.util.log.LOGDefaultLogger in Thread[Thread-2,5,main] at eu.kristina.vsm.eca.ECASocketHandler.run(ECASocketHandler.java:75)
Reading Message'ClientID: hcm'

