08.04.2011 08:23:10 Command: request 
INFO: OK
08.04.2011 08:23:16 Command: reset 
INFO: OK
08.04.2011 08:23:17 Command: request 
INFO: OK
08.04.2011 08:23:45 Command: reset 
INFO: OK
08.04.2011 08:23:46 Command: request 
INFO: OK
08.04.2011 08:24:49 Command: request 
INFO: OK
08.04.2011 08:27:12 Command: request 
INFO: OK
08.04.2011 08:27:18 Command: work 
INFO: Agenda: question_agenda | Move: yesnoquestion_a1n1d_yes_move | Speak: ja
08.04.2011 08:27:25 Command: request 
INFO: noinput
08.04.2011 08:27:31 Command: request 
INFO: OK
08.04.2011 08:27:33 Command: request 
INFO: noinput
08.04.2011 08:27:43 Command: request 
INFO: nomatch
08.04.2011 08:27:47 Command: request 
INFO: error.unsupported.language
08.04.2011 08:27:51 Command: request 
INFO: error.unsupported.language
08.04.2011 08:27:55 Command: request 
INFO: error.unsupported.language
08.04.2011 08:27:59 Command: request 
INFO: error.unsupported.language
08.04.2011 08:28:02 Command: reset 
INFO: OK
08.04.2011 08:28:03 Command: request 
INFO: error.unsupported.language
08.04.2011 08:28:09 Command: request 
INFO: nomatch
08.04.2011 08:28:16 Command: request 
INFO: error.unsupported.language
08.04.2011 08:28:23 Command: request 
INFO: error.unsupported.language
08.04.2011 08:28:29 Command: request 
INFO: error.unsupported.language
08.04.2011 08:28:35 Command: work 
INFO: Agenda: question_agenda | Move: yesnoquestion_a1n1d_yes_move | Speak: ja
08.04.2011 08:28:45 Command: request 
INFO: nomatch
08.04.2011 08:28:49 Command: request 
INFO: error.unsupported.language
08.04.2011 08:28:53 Command: request 
INFO: error.unsupported.language
08.04.2011 08:28:57 Command: request 
INFO: error.unsupported.language
08.04.2011 08:29:03 Command: request 
INFO: error.unsupported.language
08.04.2011 08:29:07 Command: request 
INFO: error.unsupported.language
08.04.2011 08:29:11 Command: request 
INFO: error.unsupported.language
08.04.2011 08:29:15 Command: request 
INFO: error.unsupported.language
08.04.2011 08:29:19 Command: request 
INFO: error.unsupported.language
08.04.2011 08:29:27 Command: request 
INFO: noinput
08.04.2011 08:29:31 Command: request 
INFO: error.unsupported.language
08.04.2011 08:29:35 Command: request 
INFO: error.unsupported.language
08.04.2011 08:29:39 Command: request 
INFO: error.unsupported.language
08.04.2011 08:29:43 Command: request 
INFO: error.unsupported.language
08.04.2011 08:29:47 Command: request 
INFO: error.unsupported.language
08.04.2011 09:04:17 Command: request 
INFO: OK
08.04.2011 09:04:17 Command: reset 
INFO: OK
