17.10.2011 12:32:57 Command: request 
INFO: OK
17.10.2011 12:33:08 Command: request 
INFO: OK
17.10.2011 12:33:55 Command: request 
INFO: OK
17.10.2011 12:33:55 Command: request 
INFO: OK
17.10.2011 12:33:55 Command: request 
INFO: OK
17.10.2011 12:33:56 Command: request 
INFO: OK
17.10.2011 12:33:56 Command: request 
INFO: OK
17.10.2011 12:33:56 Command: request 
INFO: OK
17.10.2011 12:33:56 Command: request 
INFO: OK
17.10.2011 12:33:56 Command: request 
INFO: OK
17.10.2011 12:33:56 Command: request 
INFO: OK
17.10.2011 12:33:57 Command: request 
INFO: OK
17.10.2011 12:33:57 Command: request 
INFO: OK
17.10.2011 12:33:57 Command: request 
INFO: OK
17.10.2011 12:33:58 Command: request 
INFO: OK
17.10.2011 12:33:58 Command: request 
INFO: OK
17.10.2011 12:33:58 Command: request 
INFO: OK
17.10.2011 12:33:58 Command: request 
INFO: OK
17.10.2011 12:33:59 Command: request 
INFO: OK
17.10.2011 12:33:59 Command: request 
INFO: OK
17.10.2011 12:33:59 Command: request 
INFO: OK
17.10.2011 12:33:59 Command: request 
INFO: OK
17.10.2011 12:33:59 Command: request 
INFO: OK
17.10.2011 12:34:00 Command: request 
INFO: OK
17.10.2011 12:34:00 Command: request 
INFO: OK
17.10.2011 12:34:00 Command: request 
INFO: OK
17.10.2011 12:34:00 Command: request 
INFO: OK
17.10.2011 12:34:00 Command: request 
INFO: OK
17.10.2011 12:34:00 Command: request 
INFO: OK
17.10.2011 12:34:00 Command: request 
INFO: OK
17.10.2011 12:34:01 Command: request 
INFO: OK
17.10.2011 12:34:01 Command: request 
INFO: OK
17.10.2011 12:34:01 Command: request 
INFO: OK
17.10.2011 12:34:01 Command: request 
INFO: OK
17.10.2011 12:34:01 Command: request 
INFO: OK
17.10.2011 12:34:01 Command: request 
INFO: OK
17.10.2011 12:34:32 Command: work 
INFO: Agenda: fault | Move: light1_a1n1d_high_move | Speak: null
17.10.2011 12:34:33 Command: work 
INFO: Agenda: fault | Move: light2_a1n1d_veryHigh_move | Speak: null
17.10.2011 12:34:33 Command: work 
INFO: Agenda: fault | Move: light1_a1n1d_veryHigh_move | Speak: null
17.10.2011 12:34:34 Command: work 
INFO: Agenda: fault | Move: light1_a1n1d_LigthsOn_move | Speak: null
17.10.2011 12:34:34 Command: work 
INFO: Agenda: fault | Move: light2_a1n1d_high_move | Speak: null
17.10.2011 12:34:35 Command: work 
INFO: Agenda: fault | Move: light2_a1n1d_medium_move | Speak: null
17.10.2011 12:34:35 Command: work 
INFO: Agenda: fault | Move: light2_a1n1d_low_move | Speak: null
17.10.2011 12:34:36 Command: work 
INFO: Agenda: fault | Move: light1_a1n1d_high_move | Speak: null
17.10.2011 13:47:51 Command: request 
INFO: OK
17.10.2011 13:48:23 Command: request 
INFO: OK
17.10.2011 13:48:23 Command: request 
INFO: OK
17.10.2011 13:48:23 Command: request 
INFO: OK
17.10.2011 13:48:24 Command: request 
INFO: OK
17.10.2011 13:48:24 Command: request 
INFO: OK
17.10.2011 13:48:24 Command: request 
INFO: OK
17.10.2011 13:48:25 Command: request 
INFO: OK
17.10.2011 13:48:25 Command: request 
INFO: OK
17.10.2011 13:48:25 Command: request 
INFO: OK
17.10.2011 13:48:25 Command: request 
INFO: OK
17.10.2011 13:48:25 Command: request 
INFO: OK
17.10.2011 13:48:25 Command: request 
INFO: OK
17.10.2011 13:48:25 Command: request 
INFO: OK
17.10.2011 13:48:26 Command: request 
INFO: OK
17.10.2011 13:48:26 Command: request 
INFO: OK
17.10.2011 13:48:26 Command: request 
INFO: OK
17.10.2011 13:48:26 Command: request 
INFO: OK
17.10.2011 13:48:26 Command: request 
INFO: OK
17.10.2011 13:48:26 Command: request 
INFO: OK
17.10.2011 13:48:27 Command: request 
INFO: OK
17.10.2011 13:48:27 Command: request 
INFO: OK
17.10.2011 13:48:27 Command: request 
INFO: OK
17.10.2011 13:48:27 Command: request 
INFO: OK
17.10.2011 13:48:27 Command: request 
INFO: OK
17.10.2011 13:49:01 Command: work 
INFO: Agenda: fault | Move: light1_a1n1d_high_move | Speak: null
17.10.2011 13:49:01 Command: work 
INFO: Agenda: fault | Move: light1_a1n1d_medium_move | Speak: null
17.10.2011 13:49:01 Command: work 
INFO: Agenda: fault | Move: light1_a1n1d_veryLow_move | Speak: null
17.10.2011 13:49:01 Command: work 
INFO: Agenda: fault | Move: light1_a1n1d_high_move | Speak: null
17.10.2011 13:49:02 Command: work 
INFO: Agenda: fault | Move: light2_a1n1d_veryHigh_move | Speak: null
17.10.2011 13:49:02 Command: work 
INFO: Agenda: fault | Move: light2_a1n1d_low_move | Speak: null
17.10.2011 13:49:02 Command: work 
INFO: Agenda: fault | Move: light2_a1n1d_low_move | Speak: null
17.10.2011 13:49:02 Command: work 
INFO: Agenda: fault | Move: light1_a1n1d_medium_move | Speak: null
17.10.2011 13:49:03 Command: work 
INFO: Agenda: fault | Move: light1_a1n1d_veryHigh_move | Speak: null
17.10.2011 13:49:03 Command: work 
INFO: Agenda: fault | Move: light2_a1n1d_veryHigh_move | Speak: null
17.10.2011 13:49:03 Command: work 
INFO: Agenda: fault | Move: light2_a1n1d_LigthsOn_move | Speak: null
17.10.2011 13:49:04 Command: work 
INFO: Agenda: fault | Move: light2_a1n1d_medium_move | Speak: null
17.10.2011 13:50:39 Command: request 
INFO: OK
17.10.2011 13:51:05 Command: request 
INFO: OK
17.10.2011 13:51:05 Command: request 
INFO: OK
17.10.2011 13:51:05 Command: request 
INFO: OK
17.10.2011 13:51:05 Command: request 
INFO: OK
17.10.2011 13:51:06 Command: request 
INFO: OK
17.10.2011 13:51:06 Command: request 
INFO: OK
17.10.2011 13:51:06 Command: request 
INFO: OK
17.10.2011 13:51:06 Command: request 
INFO: OK
17.10.2011 13:51:06 Command: request 
INFO: OK
17.10.2011 13:51:06 Command: request 
INFO: OK
17.10.2011 13:51:07 Command: request 
INFO: OK
17.10.2011 13:51:07 Command: request 
INFO: OK
17.10.2011 13:51:07 Command: request 
INFO: OK
17.10.2011 13:51:07 Command: request 
INFO: OK
17.10.2011 13:51:07 Command: request 
INFO: OK
17.10.2011 13:51:07 Command: request 
INFO: OK
17.10.2011 13:51:08 Command: request 
INFO: OK
17.10.2011 13:51:32 Command: work 
INFO: Agenda: fault | Move: light2_a1n1d_veryHigh_move | Speak: null
17.10.2011 13:51:32 Command: work 
INFO: Agenda: fault | Move: light2_a1n1d_LigthsOn_move | Speak: null
17.10.2011 13:51:32 Command: work 
INFO: Agenda: fault | Move: light2_a1n1d_medium_move | Speak: null
17.10.2011 13:51:33 Command: work 
INFO: Agenda: fault | Move: light2_a1n1d_veryHigh_move | Speak: null
17.10.2011 13:51:33 Command: work 
INFO: Agenda: fault | Move: light2_a1n1d_veryHigh_move | Speak: null
17.10.2011 13:51:33 Command: work 
INFO: Agenda: fault | Move: light1_a1n1d_high_move | Speak: null
17.10.2011 13:51:33 Command: work 
INFO: Agenda: fault | Move: light1_a1n1d_high_move | Speak: null
17.10.2011 13:51:34 Command: work 
INFO: Agenda: fault | Move: light1_a1n1d_veryHigh_move | Speak: null
17.10.2011 13:51:34 Command: work 
INFO: Agenda: fault | Move: light1_a1n1d_veryLow_move | Speak: null
17.10.2011 13:51:34 Command: work 
INFO: Agenda: fault | Move: light1_a1n1d_veryLow_move | Speak: null
17.10.2011 13:51:34 Command: work 
INFO: Agenda: fault | Move: light1_a1n1d_high_move | Speak: null
17.10.2011 13:51:35 Command: work 
INFO: Agenda: fault | Move: light2_a1n1d_veryHigh_move | Speak: null
17.10.2011 15:33:19 Command: request 
INFO: OK
17.10.2011 15:33:49 Command: request 
INFO: OK
17.10.2011 15:33:50 Command: request 
INFO: OK
17.10.2011 15:33:50 Command: request 
INFO: OK
17.10.2011 15:33:50 Command: request 
INFO: OK
17.10.2011 15:33:50 Command: request 
INFO: OK
17.10.2011 15:33:50 Command: request 
INFO: OK
17.10.2011 15:33:51 Command: request 
INFO: OK
17.10.2011 15:33:51 Command: request 
INFO: OK
17.10.2011 15:33:51 Command: request 
INFO: OK
17.10.2011 15:33:51 Command: request 
INFO: OK
17.10.2011 15:33:51 Command: request 
INFO: OK
17.10.2011 15:33:51 Command: request 
INFO: OK
17.10.2011 15:33:51 Command: request 
INFO: OK
17.10.2011 15:33:52 Command: request 
INFO: OK
17.10.2011 15:33:52 Command: request 
INFO: OK
17.10.2011 15:33:52 Command: request 
INFO: OK
17.10.2011 15:33:52 Command: request 
INFO: OK
17.10.2011 15:33:52 Command: request 
INFO: OK
17.10.2011 15:34:30 Command: work 
INFO: Agenda: fault | Move: light2_a1n1d_high_move | Speak: null
17.10.2011 15:34:30 Command: work 
INFO: Agenda: fault | Move: light2_a1n1d_LightsOff_move | Speak: null
17.10.2011 15:34:31 Command: work 
INFO: Agenda: fault | Move: light3_a1n1d_low_move | Speak: null
17.10.2011 15:34:31 Command: work 
INFO: Agenda: fault | Move: light3_a1n1d_LigthsOn_move | Speak: null
17.10.2011 15:34:31 Command: work 
INFO: Agenda: fault | Move: light2_a1n1d_LightsOff_move | Speak: null
17.10.2011 15:34:32 Command: work 
INFO: Agenda: fault | Move: light2_a1n1d_high_move | Speak: null
17.10.2011 15:34:32 Command: work 
INFO: Agenda: fault | Move: light2_a1n1d_low_move | Speak: null
17.10.2011 15:34:33 Command: work 
INFO: Agenda: fault | Move: light2_a1n1d_high_move | Speak: null
17.10.2011 15:34:33 Command: work 
INFO: Agenda: fault | Move: light2_a1n1d_medium_move | Speak: null
17.10.2011 15:34:34 Command: work 
INFO: Agenda: fault | Move: light3_a1n1d_low_move | Speak: null
17.10.2011 15:34:35 Command: work 
INFO: Agenda: fault | Move: light3_a1n1d_medium_move | Speak: null
17.10.2011 15:34:36 Command: work 
INFO: Agenda: fault | Move: light4_a1n1d_low_move | Speak: null
17.10.2011 15:34:36 Command: work 
INFO: Agenda: fault | Move: light4_a1n1d_high_move | Speak: null
17.10.2011 15:34:36 Command: work 
INFO: Agenda: fault | Move: light4_a1n1d_veryLow_move | Speak: null
17.10.2011 15:34:37 Command: work 
INFO: Agenda: fault | Move: light4_a1n1d_medium_move | Speak: null
17.10.2011 15:37:17 Command: request 
INFO: OK
17.10.2011 15:37:59 Command: request 
INFO: OK
17.10.2011 15:37:59 Command: request 
INFO: OK
17.10.2011 15:37:59 Command: request 
INFO: OK
17.10.2011 15:37:59 Command: request 
INFO: OK
17.10.2011 15:37:59 Command: request 
INFO: OK
17.10.2011 15:37:59 Command: request 
INFO: OK
17.10.2011 15:38:00 Command: request 
INFO: OK
17.10.2011 15:38:00 Command: request 
INFO: OK
17.10.2011 15:38:00 Command: request 
INFO: OK
17.10.2011 15:38:00 Command: request 
INFO: OK
17.10.2011 15:38:00 Command: request 
INFO: OK
17.10.2011 15:38:00 Command: request 
INFO: OK
17.10.2011 15:38:01 Command: request 
INFO: OK
17.10.2011 15:38:01 Command: request 
INFO: OK
17.10.2011 15:38:01 Command: request 
INFO: OK
17.10.2011 15:38:01 Command: request 
INFO: OK
17.10.2011 15:38:01 Command: request 
INFO: OK
17.10.2011 15:38:01 Command: request 
INFO: OK
17.10.2011 15:38:27 Command: work 
INFO: Agenda: fault | Move: light2_a1n1d_LigthsOn_move | Speak: null
17.10.2011 15:38:27 Command: work 
INFO: Agenda: fault | Move: light2_a1n1d_medium_move | Speak: null
17.10.2011 15:38:28 Command: work 
INFO: Agenda: fault | Move: light3_a1n1d_low_move | Speak: null
17.10.2011 15:38:29 Command: work 
INFO: Agenda: fault | Move: light3_a1n1d_LightsOff_move | Speak: null
17.10.2011 15:38:29 Command: work 
INFO: Agenda: fault | Move: light3_a1n1d_veryLow_move | Speak: null
17.10.2011 15:38:30 Command: work 
INFO: Agenda: fault | Move: light3_a1n1d_medium_move | Speak: null
17.10.2011 15:38:31 Command: work 
INFO: Agenda: fault | Move: light3_a1n1d_medium_move | Speak: null
17.10.2011 15:38:31 Command: work 
INFO: Agenda: fault | Move: light3_a1n1d_medium_move | Speak: null
17.10.2011 15:38:31 Command: work 
INFO: Agenda: fault | Move: light3_a1n1d_medium_move | Speak: null
17.10.2011 15:38:32 Command: work 
INFO: Agenda: fault | Move: light3_a1n1d_medium_move | Speak: null
17.10.2011 15:38:32 Command: work 
INFO: Agenda: fault | Move: light3_a1n1d_medium_move | Speak: null
17.10.2011 15:38:33 Command: work 
INFO: Agenda: fault | Move: light3_a1n1d_veryHigh_move | Speak: null
17.10.2011 15:38:34 Command: work 
INFO: Agenda: fault | Move: light4_a1n1d_LigthsOn_move | Speak: null
17.10.2011 15:38:34 Command: work 
INFO: Agenda: fault | Move: light3_a1n1d_high_move | Speak: null
17.10.2011 15:38:35 Command: work 
INFO: Agenda: fault | Move: light3_a1n1d_veryLow_move | Speak: null
17.10.2011 15:38:35 Command: work 
INFO: Agenda: fault | Move: light3_a1n1d_LightsOff_move | Speak: null
17.10.2011 15:38:36 Command: work 
INFO: Agenda: fault | Move: light2_a1n1d_LightsOff_move | Speak: null
17.10.2011 15:39:24 Command: request 
INFO: OK
17.10.2011 15:39:47 Command: request 
INFO: OK
17.10.2011 15:39:47 Command: request 
INFO: OK
17.10.2011 15:39:48 Command: request 
INFO: OK
17.10.2011 15:39:48 Command: request 
INFO: OK
17.10.2011 15:39:48 Command: request 
INFO: OK
17.10.2011 15:39:48 Command: request 
INFO: OK
17.10.2011 15:39:48 Command: request 
INFO: OK
17.10.2011 15:39:48 Command: request 
INFO: OK
17.10.2011 15:39:49 Command: request 
INFO: OK
17.10.2011 15:39:49 Command: request 
INFO: OK
17.10.2011 15:39:49 Command: request 
INFO: OK
17.10.2011 15:39:49 Command: request 
INFO: OK
17.10.2011 15:39:49 Command: request 
INFO: OK
17.10.2011 15:39:49 Command: request 
INFO: OK
17.10.2011 15:39:50 Command: request 
INFO: OK
17.10.2011 15:39:50 Command: request 
INFO: OK
17.10.2011 15:39:50 Command: request 
INFO: OK
17.10.2011 15:39:50 Command: request 
INFO: OK
17.10.2011 15:40:12 Command: work 
INFO: Agenda: fault | Move: light2_a1n1d_LightsOff_move | Speak: null
17.10.2011 15:40:13 Command: work 
INFO: Agenda: fault | Move: light2_a1n1d_LightsOff_move | Speak: null
17.10.2011 15:40:14 Command: work 
INFO: Agenda: fault | Move: light2_a1n1d_LightsOff_move | Speak: null
17.10.2011 15:40:14 Command: work 
INFO: Agenda: fault | Move: light3_a1n1d_LigthsOn_move | Speak: null
17.10.2011 15:40:15 Command: work 
INFO: Agenda: fault | Move: light3_a1n1d_medium_move | Speak: null
17.10.2011 15:40:15 Command: work 
INFO: Agenda: fault | Move: light3_a1n1d_veryHigh_move | Speak: null
17.10.2011 15:40:15 Command: work 
INFO: Agenda: fault | Move: light4_a1n1d_high_move | Speak: null
17.10.2011 15:40:15 Command: work 
INFO: Agenda: fault | Move: light4_a1n1d_veryLow_move | Speak: null
17.10.2011 15:40:16 Command: work 
INFO: Agenda: fault | Move: light4_a1n1d_low_move | Speak: null
17.10.2011 15:40:16 Command: work 
INFO: Agenda: fault | Move: light3_a1n1d_medium_move | Speak: null
17.10.2011 15:40:17 Command: work 
INFO: Agenda: fault | Move: light3_a1n1d_veryLow_move | Speak: null
17.10.2011 15:40:17 Command: work 
INFO: Agenda: fault | Move: light3_a1n1d_veryLow_move | Speak: null
17.10.2011 15:40:18 Command: work 
INFO: Agenda: fault | Move: light3_a1n1d_LigthsOn_move | Speak: null
17.10.2011 15:40:18 Command: work 
INFO: Agenda: fault | Move: light3_a1n1d_LigthsOn_move | Speak: null
17.10.2011 15:40:20 Command: work 
INFO: Agenda: fault | Move: light3_a1n1d_LigthsOn_move | Speak: null
17.10.2011 15:40:21 Command: work 
INFO: Agenda: fault | Move: light3_a1n1d_LigthsOn_move | Speak: null
17.10.2011 15:40:22 Command: work 
INFO: Agenda: fault | Move: light3_a1n1d_low_move | Speak: null
17.10.2011 15:40:22 Command: work 
INFO: Agenda: fault | Move: light3_a1n1d_low_move | Speak: null
17.10.2011 15:40:22 Command: work 
INFO: Agenda: fault | Move: light3_a1n1d_low_move | Speak: null
17.10.2011 15:40:23 Command: work 
INFO: Agenda: fault | Move: light3_a1n1d_low_move | Speak: null
17.10.2011 15:42:02 Command: work 
INFO: Agenda: fault | Move: light3_a1n1d_veryLow_move | Speak: null
17.10.2011 15:42:03 Command: work 
INFO: Agenda: fault | Move: light3_a1n1d_medium_move | Speak: null
17.10.2011 15:43:08 Command: request 
INFO: OK
17.10.2011 15:43:33 Command: request 
INFO: OK
17.10.2011 15:43:33 Command: request 
INFO: OK
17.10.2011 15:43:33 Command: request 
INFO: OK
17.10.2011 15:43:33 Command: request 
INFO: OK
17.10.2011 15:43:33 Command: request 
INFO: OK
17.10.2011 15:43:34 Command: request 
INFO: OK
17.10.2011 15:43:34 Command: request 
INFO: OK
17.10.2011 15:43:34 Command: request 
INFO: OK
17.10.2011 15:43:34 Command: request 
INFO: OK
17.10.2011 15:43:34 Command: request 
INFO: OK
17.10.2011 15:43:34 Command: request 
INFO: OK
17.10.2011 15:43:34 Command: request 
INFO: OK
17.10.2011 15:43:35 Command: request 
INFO: OK
17.10.2011 15:43:35 Command: request 
INFO: OK
17.10.2011 15:43:35 Command: request 
INFO: OK
17.10.2011 15:43:58 Command: work 
INFO: Agenda: fault | Move: light3_a1n1d_medium_move | Speak: null
17.10.2011 15:43:59 Command: work 
INFO: Agenda: fault | Move: light3_a1n1d_medium_move | Speak: null
17.10.2011 15:44:00 Command: work 
INFO: Agenda: fault | Move: light3_a1n1d_medium_move | Speak: null
17.10.2011 15:44:00 Command: work 
INFO: Agenda: fault | Move: light3_a1n1d_medium_move | Speak: null
17.10.2011 15:44:05 Command: work 
INFO: Agenda: fault | Move: light3_a1n1d_medium_move | Speak: null
17.10.2011 15:44:06 Command: work 
INFO: Agenda: fault | Move: light3_a1n1d_LigthsOn_move | Speak: null
17.10.2011 15:44:06 Command: work 
INFO: Agenda: fault | Move: light3_a1n1d_LightsOff_move | Speak: null
17.10.2011 15:44:07 Command: work 
INFO: Agenda: fault | Move: light3_a1n1d_medium_move | Speak: null
17.10.2011 15:44:07 Command: work 
INFO: Agenda: fault | Move: light3_a1n1d_veryHigh_move | Speak: null
17.10.2011 15:44:08 Command: work 
INFO: Agenda: fault | Move: light3_a1n1d_veryHigh_move | Speak: null
17.10.2011 15:44:08 Command: work 
INFO: Agenda: fault | Move: light4_a1n1d_low_move | Speak: null
17.10.2011 15:44:09 Command: work 
INFO: Agenda: fault | Move: light4_a1n1d_low_move | Speak: null
17.10.2011 15:45:18 Command: request 
INFO: OK
17.10.2011 15:48:42 Command: request 
INFO: OK
17.10.2011 15:48:43 Command: request 
INFO: OK
17.10.2011 15:48:43 Command: request 
INFO: OK
17.10.2011 15:48:43 Command: request 
INFO: OK
17.10.2011 15:48:43 Command: request 
INFO: OK
17.10.2011 15:48:43 Command: request 
INFO: OK
17.10.2011 15:48:43 Command: request 
INFO: OK
17.10.2011 15:48:44 Command: request 
INFO: OK
17.10.2011 15:48:44 Command: request 
INFO: OK
17.10.2011 15:48:44 Command: request 
INFO: OK
17.10.2011 15:48:44 Command: request 
INFO: OK
17.10.2011 15:48:45 Command: request 
INFO: OK
17.10.2011 15:48:45 Command: request 
INFO: OK
17.10.2011 15:48:45 Command: request 
INFO: OK
17.10.2011 15:48:45 Command: request 
INFO: OK
17.10.2011 15:48:45 Command: request 
INFO: OK
17.10.2011 15:49:29 Command: work 
INFO: Agenda: fault | Move: light3_a1n1d_veryHigh_move | Speak: null
17.10.2011 15:49:29 Command: work 
INFO: Agenda: fault | Move: light4_a1n1d_low_move | Speak: null
17.10.2011 15:49:31 Command: work 
INFO: Agenda: fault | Move: light3_a1n1d_veryHigh_move | Speak: null
17.10.2011 15:49:31 Command: work 
INFO: Agenda: fault | Move: light3_a1n1d_veryHigh_move | Speak: null
17.10.2011 15:49:31 Command: work 
INFO: Agenda: fault | Move: light3_a1n1d_veryHigh_move | Speak: null
17.10.2011 15:49:31 Command: work 
INFO: Agenda: fault | Move: light3_a1n1d_medium_move | Speak: null
17.10.2011 15:49:32 Command: work 
INFO: Agenda: fault | Move: light3_a1n1d_medium_move | Speak: null
17.10.2011 15:49:32 Command: work 
INFO: Agenda: fault | Move: light3_a1n1d_medium_move | Speak: null
17.10.2011 15:49:32 Command: work 
INFO: Agenda: fault | Move: light3_a1n1d_medium_move | Speak: null
17.10.2011 15:49:32 Command: work 
INFO: Agenda: fault | Move: light3_a1n1d_medium_move | Speak: null
17.10.2011 15:50:26 Command: request 
INFO: OK
17.10.2011 15:50:50 Command: request 
INFO: OK
17.10.2011 15:50:50 Command: request 
INFO: OK
17.10.2011 15:50:51 Command: request 
INFO: OK
17.10.2011 15:50:51 Command: request 
INFO: OK
17.10.2011 15:50:51 Command: request 
INFO: OK
17.10.2011 15:50:51 Command: request 
INFO: OK
17.10.2011 15:50:51 Command: request 
INFO: OK
17.10.2011 15:50:51 Command: request 
INFO: OK
17.10.2011 15:50:52 Command: request 
INFO: OK
17.10.2011 15:50:52 Command: request 
INFO: OK
17.10.2011 15:50:52 Command: request 
INFO: OK
17.10.2011 15:50:52 Command: request 
INFO: OK
17.10.2011 15:50:52 Command: request 
INFO: OK
17.10.2011 15:50:53 Command: request 
INFO: OK
17.10.2011 15:50:53 Command: request 
INFO: OK
17.10.2011 15:50:53 Command: request 
INFO: OK
17.10.2011 15:50:53 Command: request 
INFO: OK
17.10.2011 15:52:05 Command: work 
INFO: Agenda: fault | Move: light2_a1n1d_medium_move | Speak: null
17.10.2011 15:52:06 Command: work 
INFO: Agenda: fault | Move: light2_a1n1d_medium_move | Speak: null
17.10.2011 15:52:07 Command: work 
INFO: Agenda: fault | Move: light2_a1n1d_medium_move | Speak: null
17.10.2011 15:52:08 Command: work 
INFO: Agenda: fault | Move: light2_a1n1d_medium_move | Speak: null
17.10.2011 15:52:08 Command: work 
INFO: Agenda: fault | Move: light2_a1n1d_medium_move | Speak: null
17.10.2011 15:52:08 Command: work 
INFO: Agenda: fault | Move: light2_a1n1d_medium_move | Speak: null
17.10.2011 15:52:09 Command: work 
INFO: Agenda: fault | Move: light2_a1n1d_medium_move | Speak: null
17.10.2011 15:52:59 Command: request 
INFO: OK
17.10.2011 15:53:25 Command: request 
INFO: OK
17.10.2011 15:53:25 Command: request 
INFO: OK
17.10.2011 15:53:25 Command: request 
INFO: OK
17.10.2011 15:53:26 Command: request 
INFO: OK
17.10.2011 15:53:26 Command: request 
INFO: OK
17.10.2011 15:53:26 Command: request 
INFO: OK
17.10.2011 15:53:26 Command: request 
INFO: OK
17.10.2011 15:53:26 Command: request 
INFO: OK
17.10.2011 15:53:26 Command: request 
INFO: OK
17.10.2011 15:53:27 Command: request 
INFO: OK
17.10.2011 15:53:27 Command: request 
INFO: OK
17.10.2011 15:53:27 Command: request 
INFO: OK
17.10.2011 15:53:46 Command: work 
INFO: Agenda: fault | Move: light2_a1n1d_LightsOff_move | Speak: null
17.10.2011 15:53:47 Command: work 
INFO: Agenda: fault | Move: light2_a1n1d_LightsOff_move | Speak: null
17.10.2011 15:53:47 Command: work 
INFO: Agenda: fault | Move: light2_a1n1d_LightsOff_move | Speak: null
17.10.2011 15:53:47 Command: work 
INFO: Agenda: fault | Move: light2_a1n1d_LightsOff_move | Speak: null
17.10.2011 15:53:49 Command: work 
INFO: Agenda: fault | Move: light3_a1n1d_veryLow_move | Speak: null
17.10.2011 15:53:51 Command: work 
INFO: Agenda: fault | Move: light3_a1n1d_medium_move | Speak: null
17.10.2011 15:55:00 Command: request 
INFO: OK
17.10.2011 15:55:23 Command: request 
INFO: OK
17.10.2011 15:55:23 Command: request 
INFO: OK
17.10.2011 15:55:23 Command: request 
INFO: OK
17.10.2011 15:55:24 Command: request 
INFO: OK
17.10.2011 15:55:24 Command: request 
INFO: OK
17.10.2011 15:55:24 Command: request 
INFO: OK
17.10.2011 15:55:24 Command: request 
INFO: OK
17.10.2011 15:55:24 Command: request 
INFO: OK
17.10.2011 15:55:24 Command: request 
INFO: OK
17.10.2011 15:55:25 Command: request 
INFO: OK
17.10.2011 15:55:25 Command: request 
INFO: OK
17.10.2011 15:55:55 Command: work 
INFO: Agenda: fault | Move: light3_a1n1d_low_move | Speak: null
17.10.2011 15:55:56 Command: work 
INFO: Agenda: fault | Move: light3_a1n1d_low_move | Speak: null
17.10.2011 15:55:58 Command: work 
INFO: Agenda: fault | Move: light3_a1n1d_low_move | Speak: null
17.10.2011 15:55:59 Command: work 
INFO: Agenda: fault | Move: light3_a1n1d_low_move | Speak: null
17.10.2011 15:55:59 Command: work 
INFO: Agenda: fault | Move: light3_a1n1d_low_move | Speak: null
17.10.2011 15:55:59 Command: work 
INFO: Agenda: fault | Move: light3_a1n1d_low_move | Speak: null
17.10.2011 15:56:51 Command: work 
INFO: Agenda: fault | Move: light3_a1n1d_medium_move | Speak: null
17.10.2011 15:56:53 Command: work 
INFO: Agenda: fault | Move: light3_a1n1d_medium_move | Speak: null
17.10.2011 15:57:20 Command: request 
INFO: OK
17.10.2011 15:57:52 Command: request 
INFO: OK
17.10.2011 15:57:52 Command: request 
INFO: OK
17.10.2011 15:57:52 Command: request 
INFO: OK
17.10.2011 15:57:53 Command: request 
INFO: OK
17.10.2011 15:57:53 Command: request 
INFO: OK
17.10.2011 15:57:53 Command: request 
INFO: OK
17.10.2011 15:57:53 Command: request 
INFO: OK
17.10.2011 15:57:53 Command: request 
INFO: OK
17.10.2011 15:57:53 Command: request 
INFO: OK
17.10.2011 15:57:54 Command: request 
INFO: OK
17.10.2011 15:58:12 Command: work 
INFO: Agenda: fault | Move: light3_a1n1d_medium_move | Speak: null
17.10.2011 15:58:13 Command: work 
INFO: Agenda: fault | Move: light3_a1n1d_medium_move | Speak: null
17.10.2011 15:58:13 Command: work 
INFO: Agenda: fault | Move: light3_a1n1d_medium_move | Speak: null
17.10.2011 15:58:14 Command: work 
INFO: Agenda: fault | Move: light3_a1n1d_medium_move | Speak: null
17.10.2011 15:58:14 Command: work 
INFO: Agenda: fault | Move: light3_a1n1d_medium_move | Speak: null
17.10.2011 15:58:14 Command: work 
INFO: Agenda: fault | Move: light3_a1n1d_medium_move | Speak: null
17.10.2011 15:58:15 Command: work 
INFO: Agenda: fault | Move: light3_a1n1d_medium_move | Speak: null
17.10.2011 15:58:15 Command: work 
INFO: Agenda: fault | Move: light3_a1n1d_medium_move | Speak: null
17.10.2011 15:58:15 Command: work 
INFO: Agenda: fault | Move: light3_a1n1d_medium_move | Speak: null
17.10.2011 15:58:16 Command: work 
INFO: Agenda: fault | Move: light4_a1n1d_medium_move | Speak: null
17.10.2011 15:58:17 Command: work 
INFO: Agenda: fault | Move: light4_a1n1d_veryLow_move | Speak: null
17.10.2011 15:58:18 Command: work 
INFO: Agenda: fault | Move: light4_a1n1d_medium_move | Speak: null
17.10.2011 15:58:19 Command: work 
INFO: Agenda: fault | Move: light4_a1n1d_high_move | Speak: null
17.10.2011 15:59:17 Command: request 
INFO: OK
17.10.2011 15:59:38 Command: request 
INFO: OK
17.10.2011 15:59:38 Command: request 
INFO: OK
17.10.2011 15:59:38 Command: request 
INFO: OK
17.10.2011 15:59:38 Command: request 
INFO: OK
17.10.2011 15:59:39 Command: request 
INFO: OK
17.10.2011 15:59:39 Command: request 
INFO: OK
17.10.2011 15:59:39 Command: request 
INFO: OK
17.10.2011 15:59:39 Command: request 
INFO: OK
17.10.2011 15:59:39 Command: request 
INFO: OK
17.10.2011 15:59:40 Command: request 
INFO: OK
17.10.2011 15:59:40 Command: request 
INFO: OK
17.10.2011 15:59:40 Command: request 
INFO: OK
17.10.2011 15:59:41 Command: request 
INFO: OK
17.10.2011 15:59:41 Command: request 
INFO: OK
17.10.2011 15:59:41 Command: request 
INFO: OK
17.10.2011 15:59:42 Command: request 
INFO: OK
17.10.2011 16:00:04 Command: work 
INFO: Agenda: fault | Move: light3_a1n1d_LightsOff_move | Speak: null
17.10.2011 16:00:05 Command: work 
INFO: Agenda: fault | Move: light3_a1n1d_veryLow_move | Speak: null
17.10.2011 16:00:08 Command: work 
INFO: Agenda: fault | Move: light2_a1n1d_LightsOff_move | Speak: null
17.10.2011 16:00:11 Command: work 
INFO: Agenda: fault | Move: light2_a1n1d_LightsOff_move | Speak: null
17.10.2011 16:00:12 Command: work 
INFO: Agenda: fault | Move: light2_a1n1d_LightsOff_move | Speak: null
17.10.2011 16:00:13 Command: work 
INFO: Agenda: fault | Move: light2_a1n1d_LightsOff_move | Speak: null
17.10.2011 16:00:14 Command: work 
INFO: Agenda: fault | Move: light2_a1n1d_LightsOff_move | Speak: null
17.10.2011 16:00:17 Command: work 
INFO: Agenda: fault | Move: light2_a1n1d_LightsOff_move | Speak: null
17.10.2011 16:00:19 Command: work 
INFO: Agenda: fault | Move: light2_a1n1d_LightsOff_move | Speak: null
17.10.2011 16:00:28 Command: work 
INFO: Agenda: fault | Move: light3_a1n1d_high_move | Speak: null
17.10.2011 16:00:29 Command: work 
INFO: Agenda: fault | Move: light4_a1n1d_low_move | Speak: null
17.10.2011 16:00:32 Command: work 
INFO: Agenda: fault | Move: light3_a1n1d_high_move | Speak: null
17.10.2011 16:00:33 Command: work 
INFO: Agenda: fault | Move: light4_a1n1d_low_move | Speak: null
17.10.2011 16:01:30 Command: request 
INFO: OK
17.10.2011 16:01:49 Command: request 
INFO: OK
17.10.2011 16:01:49 Command: request 
INFO: OK
17.10.2011 16:01:50 Command: request 
INFO: OK
17.10.2011 16:01:50 Command: request 
INFO: OK
17.10.2011 16:01:50 Command: request 
INFO: OK
17.10.2011 16:01:51 Command: request 
INFO: OK
17.10.2011 16:01:51 Command: request 
INFO: OK
17.10.2011 16:01:51 Command: request 
INFO: OK
17.10.2011 16:01:51 Command: request 
INFO: OK
17.10.2011 16:01:52 Command: request 
INFO: OK
17.10.2011 16:02:09 Command: work 
INFO: Agenda: fault | Move: light2_a1n1d_LigthsOn_move | Speak: null
17.10.2011 16:02:10 Command: work 
INFO: Agenda: fault | Move: light2_a1n1d_high_move | Speak: null
17.10.2011 16:03:03 Command: reset 
INFO: OK
17.10.2011 16:03:12 Command: request 
INFO: OK
17.10.2011 16:03:33 Command: request 
INFO: OK
17.10.2011 16:03:33 Command: request 
INFO: OK
17.10.2011 16:03:34 Command: request 
INFO: OK
17.10.2011 16:03:34 Command: request 
INFO: OK
17.10.2011 16:03:34 Command: request 
INFO: OK
17.10.2011 16:03:34 Command: request 
INFO: OK
17.10.2011 16:03:35 Command: request 
INFO: OK
17.10.2011 16:03:35 Command: request 
INFO: OK
17.10.2011 16:03:35 Command: request 
INFO: OK
17.10.2011 16:03:35 Command: request 
INFO: OK
17.10.2011 16:03:35 Command: request 
INFO: OK
17.10.2011 16:03:36 Command: request 
INFO: OK
17.10.2011 16:03:36 Command: request 
INFO: OK
17.10.2011 16:03:36 Command: request 
INFO: OK
17.10.2011 16:03:37 Command: request 
INFO: OK
17.10.2011 16:03:37 Command: request 
INFO: OK
17.10.2011 16:03:57 Command: work 
INFO: Agenda: fault | Move: light2_a1n1d_LigthsOn_move | Speak: null
17.10.2011 16:03:59 Command: work 
INFO: Agenda: fault | Move: light2_a1n1d_high_move | Speak: null
17.10.2011 16:04:48 Command: request 
INFO: OK
17.10.2011 16:05:06 Command: request 
INFO: OK
17.10.2011 16:05:07 Command: request 
INFO: OK
17.10.2011 16:05:07 Command: request 
INFO: OK
17.10.2011 16:05:07 Command: request 
INFO: OK
17.10.2011 16:05:07 Command: request 
INFO: OK
17.10.2011 16:05:07 Command: request 
INFO: OK
17.10.2011 16:05:07 Command: request 
INFO: OK
17.10.2011 16:05:08 Command: request 
INFO: OK
17.10.2011 16:05:08 Command: request 
INFO: OK
17.10.2011 16:05:08 Command: request 
INFO: OK
17.10.2011 16:05:29 Command: work 
INFO: Agenda: fault | Move: light2_a1n1d_high_move | Speak: null
17.10.2011 16:05:30 Command: work 
INFO: Agenda: fault | Move: light2_a1n1d_medium_move | Speak: null
17.10.2011 16:05:43 Command: work 
INFO: Agenda: fault | Move: light2_a1n1d_veryHigh_move | Speak: null
17.10.2011 16:05:44 Command: work 
INFO: Agenda: fault | Move: light2_a1n1d_low_move | Speak: null
17.10.2011 16:18:11 Command: request 
INFO: OK
17.10.2011 16:18:30 Command: request 
INFO: OK
17.10.2011 16:18:30 Command: request 
INFO: OK
17.10.2011 16:18:31 Command: request 
INFO: OK
17.10.2011 16:18:31 Command: request 
INFO: OK
17.10.2011 16:18:31 Command: request 
INFO: OK
17.10.2011 16:18:31 Command: request 
INFO: OK
17.10.2011 16:18:31 Command: request 
INFO: OK
17.10.2011 16:18:32 Command: request 
INFO: OK
17.10.2011 16:18:32 Command: request 
INFO: OK
17.10.2011 16:18:32 Command: request 
INFO: OK
17.10.2011 16:18:32 Command: request 
INFO: OK
17.10.2011 16:18:32 Command: request 
INFO: OK
17.10.2011 16:18:32 Command: request 
INFO: OK
17.10.2011 16:18:55 Command: work 
INFO: Agenda: fault | Move: light2_a1n1d_medium_move | Speak: null
17.10.2011 16:18:56 Command: work 
INFO: Agenda: fault | Move: light2_a1n1d_LightsOff_move | Speak: null
17.10.2011 16:19:46 Command: request 
INFO: OK
17.10.2011 16:20:09 Command: request 
INFO: OK
17.10.2011 16:20:09 Command: request 
INFO: OK
17.10.2011 16:20:10 Command: request 
INFO: OK
17.10.2011 16:20:10 Command: request 
INFO: OK
17.10.2011 16:20:10 Command: request 
INFO: OK
17.10.2011 16:20:10 Command: request 
INFO: OK
17.10.2011 16:20:10 Command: request 
INFO: OK
17.10.2011 16:20:11 Command: request 
INFO: OK
17.10.2011 16:20:11 Command: request 
INFO: OK
17.10.2011 16:20:11 Command: request 
INFO: OK
17.10.2011 16:20:11 Command: request 
INFO: OK
17.10.2011 16:20:34 Command: work 
INFO: Agenda: fault | Move: light2_a1n1d_low_move | Speak: null
17.10.2011 16:20:36 Command: work 
INFO: Agenda: fault | Move: light2_a1n1d_LigthsOn_move | Speak: null
17.10.2011 16:20:39 Command: work 
INFO: Agenda: fault | Move: light2_a1n1d_LightsOff_move | Speak: null
17.10.2011 16:20:41 Command: work 
INFO: Agenda: fault | Move: light2_a1n1d_veryLow_move | Speak: null
17.10.2011 16:20:42 Command: work 
INFO: Agenda: fault | Move: light3_a1n1d_low_move | Speak: null
17.10.2011 16:20:44 Command: work 
INFO: Agenda: fault | Move: light2_a1n1d_veryLow_move | Speak: null
17.10.2011 16:22:05 Command: request 
INFO: OK
17.10.2011 16:22:27 Command: request 
INFO: OK
17.10.2011 16:22:28 Command: request 
INFO: OK
17.10.2011 16:22:28 Command: request 
INFO: OK
17.10.2011 16:22:29 Command: request 
INFO: OK
17.10.2011 16:22:29 Command: request 
INFO: OK
17.10.2011 16:22:29 Command: request 
INFO: OK
17.10.2011 16:22:29 Command: request 
INFO: OK
17.10.2011 16:22:29 Command: request 
INFO: OK
17.10.2011 16:22:30 Command: request 
INFO: OK
17.10.2011 16:22:30 Command: request 
INFO: OK
17.10.2011 16:22:30 Command: request 
INFO: OK
17.10.2011 16:22:51 Command: work 
INFO: Agenda: fault | Move: light2_a1n1d_medium_move | Speak: null
17.10.2011 16:22:53 Command: work 
INFO: Agenda: fault | Move: light2_a1n1d_LightsOff_move | Speak: null
17.10.2011 16:22:56 Command: work 
INFO: Agenda: fault | Move: light2_a1n1d_medium_move | Speak: null
17.10.2011 16:23:03 Command: work 
INFO: Agenda: fault | Move: light2_a1n1d_LightsOff_move | Speak: null
17.10.2011 16:23:04 Command: work 
INFO: Agenda: fault | Move: light2_a1n1d_veryLow_move | Speak: null
17.10.2011 16:23:54 Command: request 
INFO: OK
17.10.2011 16:24:15 Command: request 
INFO: OK
17.10.2011 16:24:16 Command: request 
INFO: OK
17.10.2011 16:24:16 Command: request 
INFO: OK
17.10.2011 16:24:16 Command: request 
INFO: OK
17.10.2011 16:24:17 Command: request 
INFO: OK
17.10.2011 16:24:17 Command: request 
INFO: OK
17.10.2011 16:24:17 Command: request 
INFO: OK
17.10.2011 16:24:17 Command: request 
INFO: OK
17.10.2011 16:24:17 Command: request 
INFO: OK
17.10.2011 16:24:18 Command: request 
INFO: OK
17.10.2011 16:24:18 Command: request 
INFO: OK
17.10.2011 16:24:50 Command: work 
INFO: Agenda: fault | Move: light2_a1n1d_veryLow_move | Speak: null
17.10.2011 16:24:51 Command: work 
INFO: Agenda: fault | Move: light3_a1n1d_low_move | Speak: null
17.10.2011 16:24:53 Command: work 
INFO: Agenda: fault | Move: light3_a1n1d_LigthsOn_move | Speak: null
17.10.2011 16:24:57 Command: work 
INFO: Agenda: fault | Move: light3_a1n1d_LightsOff_move | Speak: null
17.10.2011 16:24:58 Command: work 
INFO: Agenda: fault | Move: light3_a1n1d_veryLow_move | Speak: null
17.10.2011 16:25:37 Command: request 
INFO: OK
17.10.2011 16:25:58 Command: request 
INFO: OK
17.10.2011 16:25:58 Command: request 
INFO: OK
17.10.2011 16:25:59 Command: request 
INFO: OK
17.10.2011 16:25:59 Command: request 
INFO: OK
17.10.2011 16:25:59 Command: request 
INFO: OK
17.10.2011 16:25:59 Command: request 
INFO: OK
17.10.2011 16:25:59 Command: request 
INFO: OK
17.10.2011 16:26:00 Command: request 
INFO: OK
17.10.2011 16:26:00 Command: request 
INFO: OK
17.10.2011 16:26:28 Command: work 
INFO: Agenda: fault | Move: light2_a1n1d_medium_move | Speak: null
17.10.2011 16:26:30 Command: work 
INFO: Agenda: fault | Move: light2_a1n1d_LightsOff_move | Speak: null
17.10.2011 16:27:10 Command: request 
INFO: OK
17.10.2011 16:27:30 Command: request 
INFO: OK
17.10.2011 16:27:30 Command: request 
INFO: OK
17.10.2011 16:27:30 Command: request 
INFO: OK
17.10.2011 16:27:30 Command: request 
INFO: OK
17.10.2011 16:27:30 Command: request 
INFO: OK
17.10.2011 16:27:31 Command: request 
INFO: OK
17.10.2011 16:27:31 Command: request 
INFO: OK
17.10.2011 16:27:31 Command: request 
INFO: OK
17.10.2011 16:27:53 Command: work 
INFO: Agenda: fault | Move: light3_a1n1d_low_move | Speak: null
17.10.2011 16:27:55 Command: work 
INFO: Agenda: fault | Move: light3_a1n1d_LigthsOn_move | Speak: null
17.10.2011 16:27:59 Command: work 
INFO: Agenda: fault | Move: light3_a1n1d_veryLow_move | Speak: null
17.10.2011 16:28:00 Command: work 
INFO: Agenda: fault | Move: light3_a1n1d_medium_move | Speak: null
17.10.2011 16:28:08 Command: work 
INFO: Agenda: fault | Move: light3_a1n1d_veryHigh_move | Speak: null
17.10.2011 16:28:10 Command: work 
INFO: Agenda: fault | Move: light3_a1n1d_high_move | Speak: null
17.10.2011 16:28:15 Command: work 
INFO: Agenda: fault | Move: light4_a1n1d_low_move | Speak: null
17.10.2011 16:28:17 Command: work 
INFO: Agenda: fault | Move: light4_a1n1d_high_move | Speak: null
17.10.2011 16:29:14 Command: request 
INFO: OK
17.10.2011 16:33:02 Command: request 
INFO: OK
17.10.2011 16:33:02 Command: request 
INFO: OK
17.10.2011 16:33:02 Command: request 
INFO: OK
17.10.2011 16:33:02 Command: request 
INFO: OK
17.10.2011 16:33:03 Command: request 
INFO: OK
17.10.2011 16:33:03 Command: request 
INFO: OK
17.10.2011 16:33:03 Command: request 
INFO: OK
17.10.2011 16:33:03 Command: request 
INFO: OK
17.10.2011 16:33:03 Command: request 
INFO: OK
17.10.2011 16:33:03 Command: request 
INFO: OK
17.10.2011 16:33:24 Command: work 
INFO: Agenda: fault | Move: light2_a1n1d_LigthsOn_move | Speak: null
17.10.2011 16:33:25 Command: work 
INFO: Agenda: fault | Move: light2_a1n1d_high_move | Speak: null
17.10.2011 16:33:28 Command: work 
INFO: Agenda: fault | Move: light2_a1n1d_medium_move | Speak: null
17.10.2011 16:33:29 Command: work 
INFO: Agenda: fault | Move: light2_a1n1d_LightsOff_move | Speak: null
17.10.2011 16:35:09 Command: request 
INFO: OK
17.10.2011 16:35:32 Command: request 
INFO: OK
17.10.2011 16:35:32 Command: request 
INFO: OK
17.10.2011 16:35:32 Command: request 
INFO: OK
17.10.2011 16:35:33 Command: request 
INFO: OK
17.10.2011 16:35:33 Command: request 
INFO: OK
17.10.2011 16:35:33 Command: request 
INFO: OK
17.10.2011 16:35:33 Command: request 
INFO: OK
17.10.2011 16:35:33 Command: request 
INFO: OK
17.10.2011 16:35:34 Command: request 
INFO: OK
17.10.2011 16:35:34 Command: request 
INFO: OK
17.10.2011 16:35:34 Command: request 
INFO: OK
17.10.2011 16:35:53 Command: work 
INFO: Agenda: fault | Move: light2_a1n1d_veryLow_move | Speak: null
17.10.2011 16:35:55 Command: work 
INFO: Agenda: fault | Move: light3_a1n1d_low_move | Speak: null
17.10.2011 16:36:50 Command: request 
INFO: OK
17.10.2011 16:41:52 Command: request 
INFO: OK
17.10.2011 16:41:53 Command: request 
INFO: OK
17.10.2011 16:41:53 Command: request 
INFO: OK
17.10.2011 16:41:53 Command: request 
INFO: OK
17.10.2011 16:41:53 Command: request 
INFO: OK
17.10.2011 16:41:53 Command: request 
INFO: OK
17.10.2011 16:41:54 Command: request 
INFO: OK
17.10.2011 16:41:54 Command: request 
INFO: OK
17.10.2011 16:42:11 Command: work 
INFO: Agenda: fault | Move: light2_a1n1d_high_move | Speak: null
17.10.2011 16:42:13 Command: work 
INFO: Agenda: fault | Move: light2_a1n1d_medium_move | Speak: null
17.10.2011 16:43:24 Command: request 
INFO: OK
17.10.2011 16:43:49 Command: request 
INFO: OK
17.10.2011 16:43:50 Command: request 
INFO: OK
17.10.2011 16:43:50 Command: request 
INFO: OK
17.10.2011 16:43:50 Command: request 
INFO: OK
17.10.2011 16:43:50 Command: request 
INFO: OK
17.10.2011 16:43:51 Command: request 
INFO: OK
17.10.2011 16:44:16 Command: work 
INFO: Agenda: fault | Move: light2_a1n1d_veryHigh_move | Speak: null
17.10.2011 16:44:18 Command: work 
INFO: Agenda: fault | Move: light2_a1n1d_low_move | Speak: null
17.10.2011 16:45:10 Command: request 
INFO: OK
17.10.2011 16:46:04 Command: request 
INFO: OK
17.10.2011 16:46:04 Command: request 
INFO: OK
17.10.2011 16:46:04 Command: request 
INFO: OK
17.10.2011 16:46:05 Command: request 
INFO: OK
17.10.2011 16:46:05 Command: request 
INFO: OK
17.10.2011 16:46:05 Command: request 
INFO: OK
17.10.2011 16:46:05 Command: request 
INFO: OK
17.10.2011 16:46:05 Command: request 
INFO: OK
17.10.2011 16:46:06 Command: request 
INFO: OK
17.10.2011 16:46:06 Command: request 
INFO: OK
17.10.2011 16:46:29 Command: work 
INFO: Agenda: fault | Move: light2_a1n1d_medium_move | Speak: null
17.10.2011 16:46:39 Command: work 
INFO: Agenda: fault | Move: light3_a1n1d_veryLow_move | Speak: null
17.10.2011 16:46:41 Command: work 
INFO: Agenda: fault | Move: light3_a1n1d_medium_move | Speak: null
17.10.2011 16:47:19 Command: request 
INFO: OK
17.10.2011 16:47:36 Command: request 
INFO: OK
17.10.2011 16:47:37 Command: request 
INFO: OK
17.10.2011 16:47:37 Command: request 
INFO: OK
17.10.2011 16:47:37 Command: request 
INFO: OK
17.10.2011 16:47:37 Command: request 
INFO: OK
17.10.2011 16:47:37 Command: request 
INFO: OK
17.10.2011 16:47:38 Command: request 
INFO: OK
17.10.2011 16:47:38 Command: request 
INFO: OK
17.10.2011 16:47:38 Command: request 
INFO: OK
17.10.2011 16:47:38 Command: request 
INFO: OK
17.10.2011 16:47:38 Command: request 
INFO: OK
17.10.2011 16:47:38 Command: request 
INFO: OK
17.10.2011 16:47:58 Command: work 
INFO: Agenda: fault | Move: light2_a1n1d_veryLow_move | Speak: null
17.10.2011 16:48:06 Command: work 
INFO: Agenda: fault | Move: light2_a1n1d_veryLow_move | Speak: null
17.10.2011 16:48:09 Command: work 
INFO: Agenda: fault | Move: light3_a1n1d_low_move | Speak: null
17.10.2011 16:48:13 Command: work 
INFO: Agenda: fault | Move: light2_a1n1d_veryLow_move | Speak: null
17.10.2011 16:48:15 Command: work 
INFO: Agenda: fault | Move: light3_a1n1d_low_move | Speak: null
17.10.2011 16:49:08 Command: request 
INFO: OK
17.10.2011 16:49:25 Command: request 
INFO: OK
17.10.2011 16:49:26 Command: request 
INFO: OK
17.10.2011 16:49:27 Command: request 
INFO: OK
17.10.2011 16:49:27 Command: request 
INFO: OK
17.10.2011 16:49:27 Command: request 
INFO: OK
17.10.2011 16:49:27 Command: request 
INFO: OK
17.10.2011 16:49:27 Command: request 
INFO: OK
17.10.2011 16:49:28 Command: request 
INFO: OK
17.10.2011 16:49:28 Command: request 
INFO: OK
17.10.2011 16:49:28 Command: request 
INFO: OK
17.10.2011 16:49:28 Command: request 
INFO: OK
17.10.2011 16:49:29 Command: request 
INFO: OK
17.10.2011 16:49:45 Command: work 
INFO: Agenda: fault | Move: light2_a1n1d_veryLow_move | Speak: null
17.10.2011 16:49:47 Command: work 
INFO: Agenda: fault | Move: light3_a1n1d_low_move | Speak: null
17.10.2011 16:50:44 Command: request 
INFO: OK
17.10.2011 16:51:16 Command: request 
INFO: OK
17.10.2011 16:51:17 Command: request 
INFO: OK
17.10.2011 16:51:17 Command: request 
INFO: OK
17.10.2011 16:51:17 Command: request 
INFO: OK
17.10.2011 16:51:17 Command: request 
INFO: OK
17.10.2011 16:51:17 Command: request 
INFO: OK
17.10.2011 16:51:18 Command: request 
INFO: OK
17.10.2011 16:51:18 Command: request 
INFO: OK
17.10.2011 16:51:18 Command: request 
INFO: OK
17.10.2011 16:51:18 Command: request 
INFO: OK
17.10.2011 16:51:42 Command: work 
INFO: Agenda: fault | Move: light1_a1n1d_high_move | Speak: null
17.10.2011 16:51:45 Command: work 
INFO: Agenda: fault | Move: light1_a1n1d_medium_move | Speak: null
17.10.2011 16:52:43 Command: request 
INFO: OK
17.10.2011 16:52:57 Command: request 
INFO: OK
17.10.2011 16:52:58 Command: request 
INFO: OK
17.10.2011 16:52:58 Command: request 
INFO: OK
17.10.2011 16:52:58 Command: request 
INFO: OK
17.10.2011 16:52:58 Command: request 
INFO: OK
17.10.2011 16:52:58 Command: request 
INFO: OK
17.10.2011 16:52:59 Command: request 
INFO: OK
17.10.2011 16:52:59 Command: request 
INFO: OK
17.10.2011 16:52:59 Command: request 
INFO: OK
17.10.2011 16:52:59 Command: request 
INFO: OK
17.10.2011 16:52:59 Command: request 
INFO: OK
17.10.2011 16:53:20 Command: work 
INFO: Agenda: fault | Move: light2_a1n1d_low_move | Speak: null
17.10.2011 16:53:23 Command: work 
INFO: Agenda: fault | Move: light2_a1n1d_LigthsOn_move | Speak: null
17.10.2011 16:53:28 Command: work 
INFO: Agenda: fault | Move: light2_a1n1d_high_move | Speak: null
17.10.2011 16:53:31 Command: work 
INFO: Agenda: fault | Move: light2_a1n1d_medium_move | Speak: null
17.10.2011 16:54:05 Command: request 
INFO: OK
17.10.2011 16:54:26 Command: request 
INFO: OK
17.10.2011 16:54:26 Command: request 
INFO: OK
17.10.2011 16:54:26 Command: request 
INFO: OK
17.10.2011 16:54:26 Command: request 
INFO: OK
17.10.2011 16:54:27 Command: request 
INFO: OK
17.10.2011 16:54:27 Command: request 
INFO: OK
17.10.2011 16:54:27 Command: request 
INFO: OK
17.10.2011 16:54:27 Command: request 
INFO: OK
17.10.2011 16:54:27 Command: request 
INFO: OK
17.10.2011 16:54:27 Command: request 
INFO: OK
17.10.2011 16:54:49 Command: work 
INFO: Agenda: fault | Move: light2_a1n1d_veryHigh_move | Speak: null
17.10.2011 16:54:55 Command: work 
INFO: Agenda: fault | Move: light2_a1n1d_low_move | Speak: null
17.10.2011 16:54:58 Command: work 
INFO: Agenda: fault | Move: light2_a1n1d_medium_move | Speak: null
17.10.2011 16:56:14 Command: request 
INFO: OK
17.10.2011 16:56:36 Command: request 
INFO: OK
17.10.2011 16:56:36 Command: request 
INFO: OK
17.10.2011 16:56:36 Command: request 
INFO: OK
17.10.2011 16:56:37 Command: request 
INFO: OK
17.10.2011 16:56:37 Command: request 
INFO: OK
17.10.2011 16:56:37 Command: request 
INFO: OK
17.10.2011 16:56:37 Command: request 
INFO: OK
17.10.2011 16:56:38 Command: request 
INFO: OK
17.10.2011 16:56:38 Command: request 
INFO: OK
17.10.2011 16:56:38 Command: request 
INFO: OK
17.10.2011 16:56:38 Command: request 
INFO: OK
17.10.2011 16:56:55 Command: work 
INFO: Agenda: fault | Move: light2_a1n1d_veryHigh_move | Speak: null
17.10.2011 16:56:58 Command: work 
INFO: Agenda: fault | Move: light2_a1n1d_low_move | Speak: null
17.10.2011 16:57:30 Command: request 
INFO: OK
17.10.2011 16:57:50 Command: request 
INFO: OK
17.10.2011 16:57:50 Command: request 
INFO: OK
17.10.2011 16:57:50 Command: request 
INFO: OK
17.10.2011 16:57:50 Command: request 
INFO: OK
17.10.2011 16:57:51 Command: request 
INFO: OK
17.10.2011 16:57:51 Command: request 
INFO: OK
17.10.2011 16:57:51 Command: request 
INFO: OK
17.10.2011 16:57:51 Command: request 
INFO: OK
17.10.2011 16:57:51 Command: request 
INFO: OK
17.10.2011 16:57:51 Command: request 
INFO: OK
17.10.2011 16:58:22 Command: work 
INFO: Agenda: fault | Move: light2_a1n1d_veryHigh_move | Speak: null
17.10.2011 16:58:26 Command: work 
INFO: Agenda: fault | Move: light2_a1n1d_low_move | Speak: null
17.10.2011 16:59:06 Command: request 
INFO: OK
17.10.2011 16:59:25 Command: request 
INFO: OK
17.10.2011 16:59:25 Command: request 
INFO: OK
17.10.2011 16:59:26 Command: request 
INFO: OK
17.10.2011 16:59:26 Command: request 
INFO: OK
17.10.2011 16:59:26 Command: request 
INFO: OK
17.10.2011 16:59:26 Command: request 
INFO: OK
17.10.2011 16:59:26 Command: request 
INFO: OK
17.10.2011 16:59:27 Command: request 
INFO: OK
17.10.2011 16:59:27 Command: request 
INFO: OK
17.10.2011 16:59:45 Command: work 
INFO: Agenda: fault | Move: light2_a1n1d_LightsOff_move | Speak: null
17.10.2011 16:59:48 Command: work 
INFO: Agenda: fault | Move: light2_a1n1d_veryLow_move | Speak: null
17.10.2011 17:00:23 Command: request 
INFO: OK
17.10.2011 17:00:48 Command: request 
INFO: OK
17.10.2011 17:00:48 Command: request 
INFO: OK
17.10.2011 17:00:48 Command: request 
INFO: OK
17.10.2011 17:00:49 Command: request 
INFO: OK
17.10.2011 17:00:49 Command: request 
INFO: OK
17.10.2011 17:00:49 Command: request 
INFO: OK
17.10.2011 17:00:49 Command: request 
INFO: OK
17.10.2011 17:00:49 Command: request 
INFO: OK
17.10.2011 17:00:49 Command: request 
INFO: OK
17.10.2011 17:00:50 Command: request 
INFO: OK
17.10.2011 17:01:11 Command: work 
INFO: Agenda: fault | Move: light2_a1n1d_veryLow_move | Speak: null
17.10.2011 17:01:17 Command: work 
INFO: Agenda: fault | Move: light3_a1n1d_low_move | Speak: null
17.10.2011 17:01:20 Command: work 
INFO: Agenda: fault | Move: light3_a1n1d_LigthsOn_move | Speak: null
17.10.2011 17:02:04 Command: request 
INFO: OK
17.10.2011 17:02:20 Command: request 
INFO: OK
17.10.2011 17:02:21 Command: request 
INFO: OK
17.10.2011 17:02:21 Command: request 
INFO: OK
17.10.2011 17:02:21 Command: request 
INFO: OK
17.10.2011 17:02:21 Command: request 
INFO: OK
17.10.2011 17:02:22 Command: request 
INFO: OK
17.10.2011 17:02:22 Command: request 
INFO: OK
17.10.2011 17:02:22 Command: request 
INFO: OK
17.10.2011 17:02:22 Command: request 
INFO: OK
17.10.2011 17:02:22 Command: request 
INFO: OK
17.10.2011 17:02:38 Command: work 
INFO: Agenda: fault | Move: light2_a1n1d_medium_move | Speak: null
17.10.2011 17:02:42 Command: work 
INFO: Agenda: fault | Move: light2_a1n1d_LightsOff_move | Speak: null
17.10.2011 17:03:15 Command: request 
INFO: OK
17.10.2011 17:03:35 Command: reset 
INFO: OK
17.10.2011 17:03:36 Command: request 
INFO: OK
17.10.2011 17:03:37 Command: request 
INFO: OK
17.10.2011 17:03:37 Command: request 
INFO: OK
17.10.2011 17:03:37 Command: request 
INFO: OK
17.10.2011 17:03:37 Command: request 
INFO: OK
17.10.2011 17:03:37 Command: request 
INFO: OK
17.10.2011 17:03:38 Command: request 
INFO: OK
17.10.2011 17:03:38 Command: request 
INFO: OK
17.10.2011 17:03:38 Command: request 
INFO: OK
17.10.2011 17:03:38 Command: request 
INFO: OK
17.10.2011 17:03:54 Command: work 
INFO: Agenda: fault | Move: light2_a1n1d_high_move | Speak: null
17.10.2011 17:03:58 Command: work 
INFO: Agenda: fault | Move: light2_a1n1d_medium_move | Speak: null
17.10.2011 17:04:37 Command: request 
INFO: OK
17.10.2011 17:04:52 Command: request 
INFO: OK
17.10.2011 17:04:53 Command: request 
INFO: OK
17.10.2011 17:04:53 Command: request 
INFO: OK
17.10.2011 17:04:53 Command: request 
INFO: OK
17.10.2011 17:04:53 Command: request 
INFO: OK
17.10.2011 17:04:53 Command: request 
INFO: OK
17.10.2011 17:04:54 Command: request 
INFO: OK
17.10.2011 17:04:54 Command: request 
INFO: OK
17.10.2011 17:04:54 Command: request 
INFO: OK
17.10.2011 17:04:54 Command: request 
INFO: OK
17.10.2011 17:05:15 Command: work 
INFO: Agenda: fault | Move: light1_a1n1d_medium_move | Speak: null
17.10.2011 17:05:18 Command: work 
INFO: Agenda: fault | Move: light2_a1n1d_veryHigh_move | Speak: null
17.10.2011 17:05:53 Command: request 
INFO: OK
17.10.2011 17:06:11 Command: request 
INFO: OK
17.10.2011 17:06:11 Command: request 
INFO: OK
17.10.2011 17:06:12 Command: request 
INFO: OK
17.10.2011 17:06:12 Command: request 
INFO: OK
17.10.2011 17:06:12 Command: request 
INFO: OK
17.10.2011 17:06:12 Command: request 
INFO: OK
17.10.2011 17:06:12 Command: request 
INFO: OK
17.10.2011 17:06:12 Command: request 
INFO: OK
17.10.2011 17:06:13 Command: request 
INFO: OK
17.10.2011 17:06:13 Command: request 
INFO: OK
17.10.2011 17:06:31 Command: work 
INFO: Agenda: fault | Move: light2_a1n1d_LigthsOn_move | Speak: null
17.10.2011 17:06:35 Command: work 
INFO: Agenda: fault | Move: light2_a1n1d_high_move | Speak: null
17.10.2011 17:07:12 Command: request 
INFO: OK
17.10.2011 17:07:34 Command: request 
INFO: OK
17.10.2011 17:07:34 Command: request 
INFO: OK
17.10.2011 17:07:35 Command: request 
INFO: OK
17.10.2011 17:07:35 Command: request 
INFO: OK
17.10.2011 17:07:35 Command: request 
INFO: OK
17.10.2011 17:07:35 Command: request 
INFO: OK
17.10.2011 17:07:35 Command: request 
INFO: OK
17.10.2011 17:07:36 Command: request 
INFO: OK
17.10.2011 17:07:36 Command: request 
INFO: OK
17.10.2011 17:07:36 Command: request 
INFO: OK
17.10.2011 17:07:57 Command: work 
INFO: Agenda: fault | Move: light1_a1n1d_high_move | Speak: null
17.10.2011 17:08:01 Command: work 
INFO: Agenda: fault | Move: light1_a1n1d_medium_move | Speak: null
17.10.2011 17:08:34 Command: request 
INFO: OK
17.10.2011 17:08:50 Command: request 
INFO: OK
17.10.2011 17:08:50 Command: request 
INFO: OK
17.10.2011 17:08:50 Command: request 
INFO: OK
17.10.2011 17:08:51 Command: request 
INFO: OK
17.10.2011 17:08:51 Command: request 
INFO: OK
17.10.2011 17:08:51 Command: request 
INFO: OK
17.10.2011 17:08:51 Command: request 
INFO: OK
17.10.2011 17:08:51 Command: request 
INFO: OK
17.10.2011 17:08:51 Command: request 
INFO: OK
17.10.2011 17:08:51 Command: request 
INFO: OK
17.10.2011 17:08:52 Command: request 
INFO: OK
17.10.2011 17:08:52 Command: request 
INFO: OK
17.10.2011 17:08:52 Command: request 
INFO: OK
17.10.2011 17:08:52 Command: request 
INFO: OK
17.10.2011 17:08:52 Command: request 
INFO: OK
17.10.2011 17:08:52 Command: request 
INFO: OK
17.10.2011 17:08:53 Command: request 
INFO: OK
17.10.2011 17:08:53 Command: request 
INFO: OK
17.10.2011 17:08:53 Command: request 
INFO: OK
17.10.2011 17:08:53 Command: request 
INFO: OK
17.10.2011 17:08:53 Command: request 
INFO: OK
17.10.2011 17:09:12 Command: work 
INFO: Agenda: fault | Move: light2_a1n1d_veryHigh_move | Speak: null
17.10.2011 17:09:17 Command: work 
INFO: Agenda: fault | Move: light2_a1n1d_low_move | Speak: null
17.10.2011 17:16:07 Command: request 
INFO: OK
17.10.2011 17:16:23 Command: request 
INFO: OK
17.10.2011 17:16:23 Command: request 
INFO: OK
17.10.2011 17:16:23 Command: request 
INFO: OK
17.10.2011 17:16:24 Command: request 
INFO: OK
17.10.2011 17:16:24 Command: request 
INFO: OK
17.10.2011 17:16:24 Command: request 
INFO: OK
17.10.2011 17:16:24 Command: request 
INFO: OK
17.10.2011 17:16:24 Command: request 
INFO: OK
17.10.2011 17:16:25 Command: request 
INFO: OK
17.10.2011 17:16:25 Command: request 
INFO: OK
17.10.2011 17:16:44 Command: work 
INFO: Agenda: fault | Move: light2_a1n1d_high_move | Speak: null
17.10.2011 17:16:49 Command: work 
INFO: Agenda: fault | Move: light2_a1n1d_medium_move | Speak: null
17.10.2011 17:17:21 Command: request 
INFO: OK
17.10.2011 17:18:12 Command: request 
INFO: OK
17.10.2011 17:18:13 Command: request 
INFO: OK
17.10.2011 17:18:13 Command: request 
INFO: OK
17.10.2011 17:18:13 Command: request 
INFO: OK
17.10.2011 17:18:13 Command: request 
INFO: OK
17.10.2011 17:18:14 Command: request 
INFO: OK
17.10.2011 17:18:14 Command: request 
INFO: OK
17.10.2011 17:18:14 Command: request 
INFO: OK
17.10.2011 17:18:14 Command: request 
INFO: OK
17.10.2011 17:18:14 Command: request 
INFO: OK
17.10.2011 17:18:14 Command: request 
INFO: OK
17.10.2011 17:18:15 Command: request 
INFO: OK
17.10.2011 17:18:33 Command: work 
INFO: Agenda: fault | Move: light2_a1n1d_LigthsOn_move | Speak: null
17.10.2011 17:18:38 Command: work 
INFO: Agenda: fault | Move: light2_a1n1d_medium_move | Speak: null
17.10.2011 17:20:01 Command: request 
INFO: OK
17.10.2011 17:20:16 Command: request 
INFO: OK
17.10.2011 17:20:16 Command: request 
INFO: OK
17.10.2011 17:20:16 Command: request 
INFO: OK
17.10.2011 17:20:17 Command: request 
INFO: OK
17.10.2011 17:20:17 Command: request 
INFO: OK
17.10.2011 17:20:17 Command: request 
INFO: OK
17.10.2011 17:20:17 Command: request 
INFO: OK
17.10.2011 17:20:17 Command: request 
INFO: OK
17.10.2011 17:20:17 Command: request 
INFO: OK
17.10.2011 17:20:18 Command: request 
INFO: OK
17.10.2011 17:20:18 Command: request 
INFO: OK
17.10.2011 17:20:18 Command: request 
INFO: OK
17.10.2011 17:20:18 Command: request 
INFO: OK
17.10.2011 17:20:18 Command: request 
INFO: OK
17.10.2011 17:20:49 Command: work 
INFO: Agenda: fault | Move: light1_a1n1d_medium_move | Speak: null
17.10.2011 17:20:54 Command: work 
INFO: Agenda: fault | Move: light2_a1n1d_veryHigh_move | Speak: null
17.10.2011 17:21:26 Command: request 
INFO: OK
17.10.2011 17:21:44 Command: request 
INFO: OK
17.10.2011 17:21:44 Command: request 
INFO: OK
17.10.2011 17:21:44 Command: request 
INFO: OK
17.10.2011 17:21:44 Command: request 
INFO: OK
17.10.2011 17:21:44 Command: request 
INFO: OK
17.10.2011 17:21:45 Command: request 
INFO: OK
17.10.2011 17:21:45 Command: request 
INFO: OK
17.10.2011 17:21:45 Command: request 
INFO: OK
17.10.2011 17:21:45 Command: request 
INFO: OK
17.10.2011 17:21:45 Command: request 
INFO: OK
17.10.2011 17:21:45 Command: request 
INFO: OK
17.10.2011 17:21:46 Command: request 
INFO: OK
17.10.2011 17:21:46 Command: request 
INFO: OK
17.10.2011 17:21:46 Command: request 
INFO: OK
17.10.2011 17:21:46 Command: request 
INFO: OK
17.10.2011 17:21:46 Command: request 
INFO: OK
17.10.2011 17:21:46 Command: request 
INFO: OK
17.10.2011 17:22:06 Command: work 
INFO: Agenda: fault | Move: light2_a1n1d_veryHigh_move | Speak: null
17.10.2011 17:22:11 Command: work 
INFO: Agenda: fault | Move: light2_a1n1d_low_move | Speak: null
17.10.2011 17:22:44 Command: request 
INFO: OK
17.10.2011 17:23:01 Command: request 
INFO: OK
17.10.2011 17:23:01 Command: request 
INFO: OK
17.10.2011 17:23:01 Command: request 
INFO: OK
17.10.2011 17:23:01 Command: request 
INFO: OK
17.10.2011 17:23:01 Command: request 
INFO: OK
17.10.2011 17:23:02 Command: request 
INFO: OK
17.10.2011 17:23:02 Command: request 
INFO: OK
17.10.2011 17:23:02 Command: request 
INFO: OK
17.10.2011 17:23:02 Command: request 
INFO: OK
17.10.2011 17:23:02 Command: request 
INFO: OK
17.10.2011 17:23:03 Command: request 
INFO: OK
17.10.2011 17:23:03 Command: request 
INFO: OK
17.10.2011 17:23:03 Command: request 
INFO: OK
17.10.2011 17:23:21 Command: work 
INFO: Agenda: fault | Move: light1_a1n1d_medium_move | Speak: null
17.10.2011 17:23:27 Command: work 
INFO: Agenda: fault | Move: light2_a1n1d_veryHigh_move | Speak: null
17.10.2011 17:24:05 Command: request 
INFO: OK
17.10.2011 17:24:21 Command: request 
INFO: OK
17.10.2011 17:24:21 Command: request 
INFO: OK
17.10.2011 17:24:21 Command: request 
INFO: OK
17.10.2011 17:24:21 Command: request 
INFO: OK
17.10.2011 17:24:21 Command: request 
INFO: OK
17.10.2011 17:24:21 Command: request 
INFO: OK
17.10.2011 17:24:22 Command: request 
INFO: OK
17.10.2011 17:24:22 Command: request 
INFO: OK
17.10.2011 17:24:22 Command: request 
INFO: OK
17.10.2011 17:24:22 Command: request 
INFO: OK
17.10.2011 17:24:22 Command: request 
INFO: OK
17.10.2011 17:24:22 Command: request 
INFO: OK
17.10.2011 17:24:23 Command: request 
INFO: OK
17.10.2011 17:24:39 Command: work 
INFO: Agenda: fault | Move: light1_a1n1d_high_move | Speak: null
17.10.2011 17:24:45 Command: work 
INFO: Agenda: fault | Move: light2_a1n1d_veryHigh_move | Speak: null
17.10.2011 17:25:18 Command: request 
INFO: OK
17.10.2011 17:25:35 Command: request 
INFO: OK
17.10.2011 17:25:35 Command: request 
INFO: OK
17.10.2011 17:25:35 Command: request 
INFO: OK
17.10.2011 17:25:35 Command: request 
INFO: OK
17.10.2011 17:25:35 Command: request 
INFO: OK
17.10.2011 17:25:36 Command: request 
INFO: OK
17.10.2011 17:25:36 Command: request 
INFO: OK
17.10.2011 17:25:36 Command: request 
INFO: OK
17.10.2011 17:25:36 Command: request 
INFO: OK
17.10.2011 17:25:36 Command: request 
INFO: OK
17.10.2011 17:25:55 Command: work 
INFO: Agenda: fault | Move: light2_a1n1d_medium_move | Speak: null
17.10.2011 17:26:01 Command: work 
INFO: Agenda: fault | Move: light2_a1n1d_veryLow_move | Speak: null
17.10.2011 17:26:27 Command: request 
INFO: OK
17.10.2011 17:26:43 Command: request 
INFO: OK
17.10.2011 17:26:43 Command: request 
INFO: OK
17.10.2011 17:26:43 Command: request 
INFO: OK
17.10.2011 17:26:43 Command: request 
INFO: OK
17.10.2011 17:26:43 Command: request 
INFO: OK
17.10.2011 17:26:43 Command: request 
INFO: OK
17.10.2011 17:26:43 Command: request 
INFO: OK
17.10.2011 17:26:44 Command: request 
INFO: OK
17.10.2011 17:26:44 Command: request 
INFO: OK
17.10.2011 17:26:44 Command: request 
INFO: OK
17.10.2011 17:26:44 Command: request 
INFO: OK
17.10.2011 17:27:05 Command: work 
INFO: Agenda: fault | Move: light2_a1n1d_low_move | Speak: null
17.10.2011 17:27:11 Command: work 
INFO: Agenda: fault | Move: light2_a1n1d_medium_move | Speak: null
17.10.2011 17:27:40 Command: request 
INFO: OK
17.10.2011 17:28:00 Command: request 
INFO: OK
17.10.2011 17:28:00 Command: request 
INFO: OK
17.10.2011 17:28:00 Command: request 
INFO: OK
17.10.2011 17:28:01 Command: request 
INFO: OK
17.10.2011 17:28:01 Command: request 
INFO: OK
17.10.2011 17:28:01 Command: request 
INFO: OK
17.10.2011 17:28:01 Command: request 
INFO: OK
17.10.2011 17:28:01 Command: request 
INFO: OK
17.10.2011 17:28:01 Command: request 
INFO: OK
17.10.2011 17:28:02 Command: request 
INFO: OK
17.10.2011 17:28:23 Command: work 
INFO: Agenda: fault | Move: light2_a1n1d_veryHigh_move | Speak: null
17.10.2011 17:28:29 Command: work 
INFO: Agenda: fault | Move: light2_a1n1d_high_move | Speak: null
17.10.2011 17:28:58 Command: request 
INFO: OK
17.10.2011 17:30:06 Command: request 
INFO: OK
17.10.2011 17:30:06 Command: request 
INFO: OK
17.10.2011 17:30:06 Command: request 
INFO: OK
17.10.2011 17:30:06 Command: request 
INFO: OK
17.10.2011 17:30:06 Command: request 
INFO: OK
17.10.2011 17:30:06 Command: request 
INFO: OK
17.10.2011 17:30:06 Command: request 
INFO: OK
17.10.2011 17:30:07 Command: request 
INFO: OK
17.10.2011 17:30:07 Command: request 
INFO: OK
17.10.2011 17:30:07 Command: request 
INFO: OK
17.10.2011 17:30:25 Command: work 
INFO: Agenda: fault | Move: light3_a1n1d_veryLow_move | Speak: null
17.10.2011 17:30:32 Command: work 
INFO: Agenda: fault | Move: light3_a1n1d_high_move | Speak: null
17.10.2011 17:30:59 Command: request 
INFO: OK
17.10.2011 17:33:00 Command: request 
INFO: OK
17.10.2011 17:33:00 Command: request 
INFO: OK
17.10.2011 17:33:00 Command: request 
INFO: OK
17.10.2011 17:33:22 Command: work 
INFO: Agenda: fault | Move: light2_a1n1d_low_move | Speak: null
17.10.2011 17:33:29 Command: work 
INFO: Agenda: fault | Move: light2_a1n1d_LigthsOn_move | Speak: null
17.10.2011 17:34:06 Command: request 
INFO: OK
17.10.2011 17:34:22 Command: request 
INFO: OK
17.10.2011 17:34:22 Command: request 
INFO: OK
17.10.2011 17:34:22 Command: request 
INFO: OK
17.10.2011 17:34:23 Command: request 
INFO: OK
17.10.2011 17:34:23 Command: request 
INFO: OK
17.10.2011 17:34:23 Command: request 
INFO: OK
17.10.2011 17:34:23 Command: request 
INFO: OK
17.10.2011 17:34:23 Command: request 
INFO: OK
17.10.2011 17:34:24 Command: request 
INFO: OK
17.10.2011 17:36:49 Command: work 
INFO: Agenda: fault | Move: light3_a1n1d_veryHigh_move | Speak: null
17.10.2011 17:36:56 Command: work 
INFO: Agenda: fault | Move: light4_a1n1d_high_move | Speak: null
17.10.2011 17:37:37 Command: request 
INFO: OK
17.10.2011 17:37:55 Command: request 
INFO: OK
17.10.2011 17:37:55 Command: request 
INFO: OK
17.10.2011 17:37:55 Command: request 
INFO: OK
17.10.2011 17:37:56 Command: request 
INFO: OK
17.10.2011 17:37:56 Command: request 
INFO: OK
17.10.2011 17:37:56 Command: request 
INFO: OK
17.10.2011 17:37:56 Command: request 
INFO: OK
17.10.2011 17:37:56 Command: request 
INFO: OK
17.10.2011 17:37:57 Command: request 
INFO: OK
17.10.2011 17:37:57 Command: request 
INFO: OK
17.10.2011 17:37:57 Command: request 
INFO: OK
17.10.2011 17:37:57 Command: request 
INFO: OK
17.10.2011 17:37:58 Command: request 
INFO: OK
17.10.2011 17:37:58 Command: request 
INFO: OK
17.10.2011 17:37:58 Command: request 
INFO: OK
17.10.2011 17:37:58 Command: request 
INFO: OK
17.10.2011 17:37:58 Command: request 
INFO: OK
17.10.2011 17:37:59 Command: request 
INFO: OK
17.10.2011 17:37:59 Command: request 
INFO: OK
17.10.2011 17:37:59 Command: request 
INFO: OK
17.10.2011 17:38:18 Command: work 
INFO: Agenda: fault | Move: light3_a1n1d_LightsOff_move | Speak: null
17.10.2011 17:38:25 Command: work 
INFO: Agenda: fault | Move: light4_a1n1d_veryHigh_move | Speak: null
17.10.2011 17:39:01 Command: request 
INFO: OK
17.10.2011 17:39:20 Command: request 
INFO: OK
17.10.2011 17:39:20 Command: request 
INFO: OK
17.10.2011 17:39:20 Command: request 
INFO: OK
17.10.2011 17:39:20 Command: request 
INFO: OK
17.10.2011 17:39:21 Command: request 
INFO: OK
17.10.2011 17:39:21 Command: request 
INFO: OK
17.10.2011 17:39:21 Command: request 
INFO: OK
17.10.2011 17:39:21 Command: request 
INFO: OK
17.10.2011 17:39:21 Command: request 
INFO: OK
17.10.2011 17:39:21 Command: request 
INFO: OK
17.10.2011 17:39:21 Command: request 
INFO: OK
17.10.2011 17:39:39 Command: work 
INFO: Agenda: fault | Move: light3_a1n1d_low_move | Speak: null
17.10.2011 17:39:47 Command: work 
INFO: Agenda: fault | Move: light3_a1n1d_LightsOff_move | Speak: null
17.10.2011 17:40:21 Command: request 
INFO: OK
17.10.2011 17:40:38 Command: request 
INFO: OK
17.10.2011 17:40:38 Command: request 
INFO: OK
17.10.2011 17:40:38 Command: request 
INFO: OK
17.10.2011 17:40:39 Command: request 
INFO: OK
17.10.2011 17:40:39 Command: request 
INFO: OK
17.10.2011 17:40:39 Command: request 
INFO: OK
17.10.2011 17:40:39 Command: request 
INFO: OK
17.10.2011 17:40:39 Command: request 
INFO: OK
17.10.2011 17:40:40 Command: request 
INFO: OK
17.10.2011 17:40:40 Command: request 
INFO: OK
17.10.2011 17:40:40 Command: request 
INFO: OK
17.10.2011 17:41:06 Command: work 
INFO: Agenda: fault | Move: light2_a1n1d_veryLow_move | Speak: null
17.10.2011 17:41:14 Command: work 
INFO: Agenda: fault | Move: light3_a1n1d_LightsOff_move | Speak: null
17.10.2011 17:44:21 Command: request 
INFO: OK
17.10.2011 17:46:45 Command: request 
INFO: OK
17.10.2011 17:46:45 Command: request 
INFO: OK
17.10.2011 17:46:46 Command: request 
INFO: OK
17.10.2011 17:46:48 Command: request 
INFO: OK
17.10.2011 17:46:48 Command: request 
INFO: OK
17.10.2011 17:46:48 Command: request 
INFO: OK
17.10.2011 17:46:49 Command: request 
INFO: OK
17.10.2011 17:46:49 Command: request 
INFO: OK
17.10.2011 17:46:49 Command: request 
INFO: OK
17.10.2011 17:46:49 Command: request 
INFO: OK
17.10.2011 17:46:49 Command: request 
INFO: OK
17.10.2011 17:47:33 Command: work 
INFO: Agenda: fault | Move: light2_a1n1d_veryHigh_move | Speak: null
17.10.2011 17:47:42 Command: work 
INFO: Agenda: fault | Move: light2_a1n1d_low_move | Speak: null
17.10.2011 17:48:39 Command: request 
INFO: OK
17.10.2011 17:49:16 Command: request 
INFO: OK
17.10.2011 17:49:17 Command: request 
INFO: OK
17.10.2011 17:49:17 Command: request 
INFO: OK
17.10.2011 17:49:17 Command: request 
INFO: OK
17.10.2011 17:49:17 Command: request 
INFO: OK
17.10.2011 17:49:17 Command: request 
INFO: OK
17.10.2011 17:49:18 Command: request 
INFO: OK
17.10.2011 17:49:18 Command: request 
INFO: OK
17.10.2011 17:49:18 Command: request 
INFO: OK
17.10.2011 17:49:18 Command: request 
INFO: OK
17.10.2011 17:49:39 Command: request 
INFO: OK
17.10.2011 17:49:47 Command: work 
INFO: Agenda: fault | Move: light1_a1n1d_veryLow_move | Speak: null
17.10.2011 17:51:15 Command: request 
INFO: OK
17.10.2011 17:51:33 Command: request 
INFO: OK
17.10.2011 17:51:33 Command: request 
INFO: OK
17.10.2011 17:51:33 Command: request 
INFO: OK
17.10.2011 17:51:33 Command: request 
INFO: OK
17.10.2011 17:51:33 Command: request 
INFO: OK
17.10.2011 17:51:33 Command: request 
INFO: OK
17.10.2011 17:51:33 Command: request 
INFO: OK
17.10.2011 17:51:34 Command: request 
INFO: OK
17.10.2011 17:51:34 Command: request 
INFO: OK
17.10.2011 17:51:34 Command: request 
INFO: OK
17.10.2011 17:52:48 Command: request 
INFO: OK
17.10.2011 17:52:56 Command: work 
INFO: Agenda: fault | Move: light1_a1n1d_veryLow_move | Speak: null
17.10.2011 17:53:29 Command: request 
INFO: OK
17.10.2011 17:53:43 Command: request 
INFO: OK
17.10.2011 17:53:43 Command: request 
INFO: OK
17.10.2011 17:53:44 Command: request 
INFO: OK
17.10.2011 17:53:44 Command: request 
INFO: OK
17.10.2011 17:53:44 Command: request 
INFO: OK
17.10.2011 17:53:44 Command: request 
INFO: OK
17.10.2011 17:53:44 Command: request 
INFO: OK
17.10.2011 17:53:44 Command: request 
INFO: OK
17.10.2011 17:53:45 Command: request 
INFO: OK
17.10.2011 17:53:45 Command: request 
INFO: OK
17.10.2011 17:53:45 Command: request 
INFO: OK
17.10.2011 17:53:45 Command: request 
INFO: OK
17.10.2011 17:53:59 Command: request 
INFO: OK
17.10.2011 17:54:08 Command: work 
INFO: Agenda: fault | Move: light1_a1n1d_veryLow_move | Speak: null
17.10.2011 17:54:37 Command: request 
INFO: OK
17.10.2011 17:54:54 Command: request 
INFO: OK
17.10.2011 17:54:54 Command: request 
INFO: OK
17.10.2011 17:54:54 Command: request 
INFO: OK
17.10.2011 17:54:54 Command: request 
INFO: OK
17.10.2011 17:54:54 Command: request 
INFO: OK
17.10.2011 17:54:54 Command: request 
INFO: OK
17.10.2011 17:54:55 Command: request 
INFO: OK
17.10.2011 17:54:55 Command: request 
INFO: OK
17.10.2011 17:54:55 Command: request 
INFO: OK
17.10.2011 17:54:55 Command: request 
INFO: OK
17.10.2011 17:55:07 Command: request 
INFO: OK
17.10.2011 17:55:16 Command: work 
INFO: Agenda: fault | Move: light1_a1n1d_veryLow_move | Speak: null
17.10.2011 17:55:47 Command: request 
INFO: OK
17.10.2011 17:56:21 Command: request 
INFO: OK
17.10.2011 17:56:21 Command: request 
INFO: OK
17.10.2011 17:56:21 Command: request 
INFO: OK
17.10.2011 17:56:21 Command: request 
INFO: OK
17.10.2011 17:56:22 Command: request 
INFO: OK
17.10.2011 17:56:22 Command: request 
INFO: OK
17.10.2011 17:56:22 Command: request 
INFO: OK
17.10.2011 17:56:35 Command: request 
INFO: OK
17.10.2011 17:56:44 Command: work 
INFO: Agenda: fault | Move: light2_a1n1d_veryHigh_move | Speak: null
17.10.2011 17:57:20 Command: request 
INFO: OK
17.10.2011 17:57:37 Command: request 
INFO: OK
17.10.2011 17:57:37 Command: request 
INFO: OK
17.10.2011 17:57:38 Command: request 
INFO: OK
17.10.2011 17:57:38 Command: request 
INFO: OK
17.10.2011 17:57:38 Command: request 
INFO: OK
17.10.2011 17:57:38 Command: request 
INFO: OK
17.10.2011 17:57:38 Command: request 
INFO: OK
17.10.2011 17:57:38 Command: request 
INFO: OK
17.10.2011 17:57:38 Command: request 
INFO: OK
17.10.2011 17:57:39 Command: request 
INFO: OK
17.10.2011 17:57:39 Command: request 
INFO: OK
17.10.2011 17:57:53 Command: request 
INFO: OK
17.10.2011 17:58:02 Command: work 
INFO: Agenda: fault | Move: light1_a1n1d_veryHigh_move | Speak: null
17.10.2011 17:58:28 Command: request 
INFO: OK
17.10.2011 17:58:40 Command: request 
INFO: OK
17.10.2011 17:58:41 Command: request 
INFO: OK
17.10.2011 17:58:41 Command: request 
INFO: OK
17.10.2011 17:58:41 Command: request 
INFO: OK
17.10.2011 17:58:41 Command: request 
INFO: OK
17.10.2011 17:58:41 Command: request 
INFO: OK
17.10.2011 17:58:41 Command: request 
INFO: OK
17.10.2011 17:58:42 Command: request 
INFO: OK
17.10.2011 17:58:42 Command: request 
INFO: OK
17.10.2011 17:59:04 Command: work 
INFO: Agenda: fault | Move: light2_a1n1d_veryHigh_move | Speak: null
17.10.2011 17:59:14 Command: request 
INFO: OK
17.10.2011 17:59:24 Command: work 
INFO: Agenda: fault | Move: light1_a1n1d_veryLow_move | Speak: null
17.10.2011 17:59:57 Command: request 
INFO: OK
17.10.2011 18:00:13 Command: request 
INFO: OK
17.10.2011 18:00:13 Command: request 
INFO: OK
17.10.2011 18:00:14 Command: request 
INFO: OK
17.10.2011 18:00:14 Command: request 
INFO: OK
17.10.2011 18:00:14 Command: request 
INFO: OK
17.10.2011 18:00:14 Command: request 
INFO: OK
17.10.2011 18:00:14 Command: request 
INFO: OK
17.10.2011 18:00:14 Command: request 
INFO: OK
17.10.2011 18:00:15 Command: request 
INFO: OK
17.10.2011 18:00:30 Command: request 
INFO: OK
17.10.2011 18:00:41 Command: work 
INFO: Agenda: fault | Move: light1_a1n1d_veryLow_move | Speak: null
17.10.2011 18:01:13 Command: request 
INFO: OK
17.10.2011 18:01:30 Command: request 
INFO: OK
17.10.2011 18:01:30 Command: request 
INFO: OK
17.10.2011 18:01:30 Command: request 
INFO: OK
17.10.2011 18:01:30 Command: request 
INFO: OK
17.10.2011 18:01:31 Command: request 
INFO: OK
17.10.2011 18:01:31 Command: request 
INFO: OK
17.10.2011 18:01:31 Command: request 
INFO: OK
17.10.2011 18:01:31 Command: request 
INFO: OK
17.10.2011 18:01:31 Command: request 
INFO: OK
17.10.2011 18:01:31 Command: request 
INFO: OK
17.10.2011 18:01:58 Command: request 
INFO: OK
17.10.2011 18:02:09 Command: work 
INFO: Agenda: fault | Move: light1_a1n1d_veryHigh_move | Speak: null
17.10.2011 18:02:36 Command: request 
INFO: OK
17.10.2011 18:02:49 Command: request 
INFO: OK
17.10.2011 18:02:49 Command: request 
INFO: OK
17.10.2011 18:02:49 Command: request 
INFO: OK
17.10.2011 18:02:49 Command: request 
INFO: OK
17.10.2011 18:02:49 Command: request 
INFO: OK
17.10.2011 18:02:49 Command: request 
INFO: OK
17.10.2011 18:02:50 Command: request 
INFO: OK
17.10.2011 18:02:50 Command: request 
INFO: OK
17.10.2011 18:02:50 Command: request 
INFO: OK
17.10.2011 18:02:50 Command: request 
INFO: OK
17.10.2011 18:02:50 Command: request 
INFO: OK
17.10.2011 18:03:09 Command: request 
INFO: OK
17.10.2011 18:03:20 Command: work 
INFO: Agenda: fault | Move: light1_a1n1d_high_move | Speak: null
17.10.2011 18:03:50 Command: request 
INFO: OK
17.10.2011 18:04:04 Command: request 
INFO: OK
17.10.2011 18:04:04 Command: request 
INFO: OK
17.10.2011 18:04:04 Command: request 
INFO: OK
17.10.2011 18:04:05 Command: request 
INFO: OK
17.10.2011 18:04:06 Command: request 
INFO: OK
17.10.2011 18:04:06 Command: request 
INFO: OK
17.10.2011 18:04:06 Command: request 
INFO: OK
17.10.2011 18:04:06 Command: request 
INFO: OK
17.10.2011 18:04:07 Command: request 
INFO: OK
17.10.2011 18:04:07 Command: request 
INFO: OK
17.10.2011 18:04:07 Command: request 
INFO: OK
17.10.2011 18:04:07 Command: request 
INFO: OK
17.10.2011 18:04:07 Command: request 
INFO: OK
17.10.2011 18:04:25 Command: request 
INFO: OK
17.10.2011 18:04:36 Command: work 
INFO: Agenda: fault | Move: light1_a1n1d_veryLow_move | Speak: null
17.10.2011 18:05:05 Command: request 
INFO: OK
17.10.2011 18:05:23 Command: request 
INFO: OK
17.10.2011 18:05:23 Command: request 
INFO: OK
17.10.2011 18:05:23 Command: request 
INFO: OK
17.10.2011 18:05:23 Command: request 
INFO: OK
17.10.2011 18:05:24 Command: request 
INFO: OK
17.10.2011 18:05:24 Command: request 
INFO: OK
17.10.2011 18:05:24 Command: request 
INFO: OK
17.10.2011 18:05:38 Command: request 
INFO: OK
17.10.2011 18:05:49 Command: work 
INFO: Agenda: fault | Move: light1_a1n1d_veryLow_move | Speak: null
17.10.2011 18:06:20 Command: request 
INFO: OK
17.10.2011 18:06:37 Command: request 
INFO: OK
17.10.2011 18:06:37 Command: request 
INFO: OK
17.10.2011 18:06:37 Command: request 
INFO: OK
17.10.2011 18:06:37 Command: request 
INFO: OK
17.10.2011 18:06:38 Command: request 
INFO: OK
17.10.2011 18:06:38 Command: request 
INFO: OK
17.10.2011 18:06:38 Command: request 
INFO: OK
17.10.2011 18:06:49 Command: request 
INFO: OK
17.10.2011 18:07:01 Command: work 
INFO: Agenda: fault | Move: light1_a1n1d_veryHigh_move | Speak: null
17.10.2011 18:07:27 Command: request 
INFO: OK
17.10.2011 18:08:01 Command: request 
INFO: OK
17.10.2011 18:08:02 Command: request 
INFO: OK
17.10.2011 18:08:02 Command: request 
INFO: OK
17.10.2011 18:08:02 Command: request 
INFO: OK
17.10.2011 18:08:02 Command: request 
INFO: OK
17.10.2011 18:08:02 Command: request 
INFO: OK
17.10.2011 18:08:14 Command: request 
INFO: OK
17.10.2011 18:08:27 Command: work 
INFO: Agenda: fault | Move: light1_a1n1d_veryLow_move | Speak: null
17.10.2011 18:08:56 Command: request 
INFO: OK
17.10.2011 18:09:11 Command: request 
INFO: OK
17.10.2011 18:09:11 Command: request 
INFO: OK
17.10.2011 18:09:11 Command: request 
INFO: OK
17.10.2011 18:09:11 Command: request 
INFO: OK
17.10.2011 18:09:11 Command: request 
INFO: OK
17.10.2011 18:09:12 Command: request 
INFO: OK
17.10.2011 18:09:23 Command: request 
INFO: OK
17.10.2011 18:09:35 Command: work 
INFO: Agenda: fault | Move: light1_a1n1d_veryHigh_move | Speak: null
17.10.2011 18:10:04 Command: request 
INFO: OK
17.10.2011 18:10:17 Command: request 
INFO: OK
17.10.2011 18:10:18 Command: request 
INFO: OK
17.10.2011 18:10:18 Command: request 
INFO: OK
17.10.2011 18:10:18 Command: request 
INFO: OK
17.10.2011 18:10:18 Command: request 
INFO: OK
17.10.2011 18:10:18 Command: request 
INFO: OK
17.10.2011 18:10:18 Command: request 
INFO: OK
17.10.2011 18:10:18 Command: request 
INFO: OK
17.10.2011 18:10:30 Command: request 
INFO: OK
17.10.2011 18:10:42 Command: work 
INFO: Agenda: fault | Move: light1_a1n1d_high_move | Speak: null
17.10.2011 18:11:09 Command: request 
INFO: OK
17.10.2011 18:11:25 Command: request 
INFO: OK
17.10.2011 18:11:25 Command: request 
INFO: OK
17.10.2011 18:11:25 Command: request 
INFO: OK
17.10.2011 18:11:25 Command: request 
INFO: OK
17.10.2011 18:11:25 Command: request 
INFO: OK
17.10.2011 18:11:26 Command: request 
INFO: OK
17.10.2011 18:11:26 Command: request 
INFO: OK
17.10.2011 18:11:26 Command: request 
INFO: OK
17.10.2011 18:11:26 Command: request 
INFO: OK
17.10.2011 18:11:43 Command: request 
INFO: OK
17.10.2011 18:11:56 Command: work 
INFO: Agenda: fault | Move: light1_a1n1d_veryHigh_move | Speak: null
17.10.2011 18:12:22 Command: request 
INFO: OK
17.10.2011 18:12:46 Command: request 
INFO: OK
17.10.2011 18:12:46 Command: request 
INFO: OK
17.10.2011 18:12:46 Command: request 
INFO: OK
17.10.2011 18:12:47 Command: request 
INFO: OK
17.10.2011 18:12:47 Command: request 
INFO: OK
17.10.2011 18:13:00 Command: request 
INFO: OK
17.10.2011 18:13:13 Command: work 
INFO: Agenda: fault | Move: light1_a1n1d_veryLow_move | Speak: null
17.10.2011 18:13:35 Command: request 
INFO: OK
17.10.2011 18:13:58 Command: request 
INFO: OK
17.10.2011 18:13:58 Command: request 
INFO: OK
17.10.2011 18:13:58 Command: request 
INFO: OK
17.10.2011 18:13:59 Command: request 
INFO: OK
17.10.2011 18:13:59 Command: request 
INFO: OK
17.10.2011 18:13:59 Command: request 
INFO: OK
17.10.2011 18:13:59 Command: request 
INFO: OK
17.10.2011 18:14:10 Command: request 
INFO: OK
17.10.2011 18:14:24 Command: work 
INFO: Agenda: fault | Move: light1_a1n1d_medium_move | Speak: null
17.10.2011 18:15:48 Command: request 
INFO: OK
17.10.2011 18:16:04 Command: request 
INFO: OK
17.10.2011 18:16:04 Command: request 
INFO: OK
17.10.2011 18:16:05 Command: request 
INFO: OK
17.10.2011 18:16:05 Command: request 
INFO: OK
17.10.2011 18:16:05 Command: request 
INFO: OK
17.10.2011 18:16:05 Command: request 
INFO: OK
17.10.2011 18:16:05 Command: request 
INFO: OK
17.10.2011 18:16:05 Command: request 
INFO: OK
17.10.2011 18:16:05 Command: request 
INFO: OK
17.10.2011 18:16:33 Command: work 
INFO: Agenda: fault | Move: light1_a1n1d_high_move | Speak: null
17.10.2011 18:16:54 Command: request 
INFO: OK
17.10.2011 18:17:08 Command: work 
INFO: Agenda: fault | Move: light1_a1n1d_veryLow_move | Speak: null
17.10.2011 18:17:29 Command: request 
INFO: OK
17.10.2011 18:17:55 Command: request 
INFO: OK
17.10.2011 18:17:55 Command: request 
INFO: OK
17.10.2011 18:17:55 Command: request 
INFO: OK
17.10.2011 18:17:55 Command: request 
INFO: OK
17.10.2011 18:17:55 Command: request 
INFO: OK
17.10.2011 18:18:14 Command: request 
INFO: OK
17.10.2011 18:18:28 Command: work 
INFO: Agenda: fault | Move: light1_a1n1d_veryLow_move | Speak: null
17.10.2011 18:18:49 Command: request 
INFO: OK
17.10.2011 18:19:04 Command: request 
INFO: OK
17.10.2011 18:19:05 Command: request 
INFO: OK
17.10.2011 18:19:05 Command: request 
INFO: OK
17.10.2011 18:19:05 Command: request 
INFO: OK
17.10.2011 18:19:05 Command: request 
INFO: OK
17.10.2011 18:19:05 Command: request 
INFO: OK
17.10.2011 18:19:21 Command: request 
INFO: OK
17.10.2011 18:19:36 Command: work 
INFO: Agenda: fault | Move: light1_a1n1d_veryLow_move | Speak: null
17.10.2011 18:19:55 Command: request 
INFO: OK
17.10.2011 18:20:14 Command: request 
INFO: OK
17.10.2011 18:20:14 Command: request 
INFO: OK
17.10.2011 18:20:14 Command: request 
INFO: OK
17.10.2011 18:20:14 Command: request 
INFO: OK
17.10.2011 18:20:14 Command: request 
INFO: OK
17.10.2011 18:20:28 Command: request 
INFO: OK
17.10.2011 18:20:43 Command: work 
INFO: Agenda: fault | Move: light1_a1n1d_veryLow_move | Speak: null
17.10.2011 18:21:03 Command: request 
INFO: OK
17.10.2011 18:21:16 Command: request 
INFO: OK
17.10.2011 18:21:16 Command: request 
INFO: OK
17.10.2011 18:21:17 Command: request 
INFO: OK
17.10.2011 18:21:17 Command: request 
INFO: OK
17.10.2011 18:21:17 Command: request 
INFO: OK
17.10.2011 18:21:17 Command: request 
INFO: OK
17.10.2011 18:21:17 Command: request 
INFO: OK
17.10.2011 18:21:31 Command: request 
INFO: OK
17.10.2011 18:21:46 Command: work 
INFO: Agenda: fault | Move: light1_a1n1d_veryHigh_move | Speak: null
17.10.2011 18:22:15 Command: request 
INFO: OK
17.10.2011 18:22:32 Command: request 
INFO: OK
17.10.2011 18:22:32 Command: request 
INFO: OK
17.10.2011 18:22:32 Command: request 
INFO: OK
17.10.2011 18:22:32 Command: request 
INFO: OK
17.10.2011 18:22:33 Command: request 
INFO: OK
17.10.2011 18:22:33 Command: request 
INFO: OK
17.10.2011 18:22:45 Command: request 
INFO: OK
17.10.2011 18:23:01 Command: work 
INFO: Agenda: fault | Move: light1_a1n1d_veryLow_move | Speak: null
17.10.2011 18:23:21 Command: request 
INFO: OK
17.10.2011 18:23:34 Command: request 
INFO: OK
17.10.2011 18:23:34 Command: request 
INFO: OK
17.10.2011 18:23:34 Command: request 
INFO: OK
17.10.2011 18:23:35 Command: request 
INFO: OK
17.10.2011 18:23:35 Command: request 
INFO: OK
17.10.2011 18:23:35 Command: request 
INFO: OK
17.10.2011 18:23:46 Command: request 
INFO: OK
17.10.2011 18:24:03 Command: work 
INFO: Agenda: fault | Move: light1_a1n1d_LightsOff_move | Speak: null
17.10.2011 18:24:40 Command: request 
INFO: OK
17.10.2011 18:25:21 Command: request 
INFO: OK
17.10.2011 18:25:21 Command: request 
INFO: OK
17.10.2011 18:25:22 Command: request 
INFO: OK
17.10.2011 18:25:22 Command: request 
INFO: OK
17.10.2011 18:25:22 Command: request 
INFO: OK
17.10.2011 18:25:22 Command: request 
INFO: OK
17.10.2011 18:25:22 Command: request 
INFO: OK
17.10.2011 18:25:22 Command: request 
INFO: OK
17.10.2011 18:25:22 Command: request 
INFO: OK
17.10.2011 18:25:23 Command: request 
INFO: OK
17.10.2011 18:25:34 Command: request 
INFO: OK
17.10.2011 18:25:50 Command: work 
INFO: Agenda: fault | Move: light1_a1n1d_veryLow_move | Speak: null
17.10.2011 18:26:06 Command: request 
INFO: OK
17.10.2011 18:26:21 Command: request 
INFO: OK
17.10.2011 18:26:21 Command: request 
INFO: OK
17.10.2011 18:26:21 Command: request 
INFO: OK
17.10.2011 18:26:21 Command: request 
INFO: OK
17.10.2011 18:26:21 Command: request 
INFO: OK
17.10.2011 18:26:22 Command: request 
INFO: OK
17.10.2011 18:26:34 Command: request 
INFO: OK
17.10.2011 18:26:51 Command: work 
INFO: Agenda: fault | Move: light1_a1n1d_veryLow_move | Speak: null
17.10.2011 18:27:07 Command: request 
INFO: OK
17.10.2011 18:27:31 Command: request 
INFO: OK
17.10.2011 18:27:31 Command: request 
INFO: OK
17.10.2011 18:27:32 Command: request 
INFO: OK
17.10.2011 18:27:32 Command: request 
INFO: OK
17.10.2011 18:27:32 Command: request 
INFO: OK
17.10.2011 18:27:32 Command: request 
INFO: OK
17.10.2011 18:27:45 Command: request 
INFO: OK
17.10.2011 18:28:03 Command: work 
INFO: Agenda: fault | Move: light1_a1n1d_LigthsOn_move | Speak: null
17.10.2011 18:28:21 Command: request 
INFO: OK
17.10.2011 18:28:39 Command: request 
INFO: OK
17.10.2011 18:28:39 Command: request 
INFO: OK
17.10.2011 18:28:40 Command: request 
INFO: OK
17.10.2011 18:28:40 Command: request 
INFO: OK
17.10.2011 18:28:40 Command: request 
INFO: OK
17.10.2011 18:28:40 Command: request 
INFO: OK
17.10.2011 18:28:40 Command: request 
INFO: OK
17.10.2011 18:28:52 Command: request 
INFO: OK
17.10.2011 18:29:10 Command: work 
INFO: Agenda: fault | Move: light1_a1n1d_veryLow_move | Speak: null
17.10.2011 18:29:25 Command: request 
INFO: OK
17.10.2011 18:29:41 Command: request 
INFO: OK
17.10.2011 18:29:41 Command: request 
INFO: OK
17.10.2011 18:29:41 Command: request 
INFO: OK
17.10.2011 18:29:41 Command: request 
INFO: OK
17.10.2011 18:29:54 Command: request 
INFO: OK
17.10.2011 18:30:12 Command: work 
INFO: Agenda: fault | Move: light1_a1n1d_veryLow_move | Speak: null
17.10.2011 18:30:30 Command: request 
INFO: OK
17.10.2011 18:30:47 Command: request 
INFO: OK
17.10.2011 18:30:47 Command: request 
INFO: OK
17.10.2011 18:30:47 Command: request 
INFO: OK
17.10.2011 18:30:47 Command: request 
INFO: OK
17.10.2011 18:30:47 Command: request 
INFO: OK
17.10.2011 18:30:59 Command: request 
INFO: OK
17.10.2011 18:31:17 Command: work 
INFO: Agenda: fault | Move: light1_a1n1d_low_move | Speak: null
17.10.2011 18:31:35 Command: request 
INFO: OK
17.10.2011 18:31:49 Command: request 
INFO: OK
17.10.2011 18:31:49 Command: request 
INFO: OK
17.10.2011 18:31:49 Command: request 
INFO: OK
17.10.2011 18:31:49 Command: request 
INFO: OK
17.10.2011 18:31:49 Command: request 
INFO: OK
17.10.2011 18:31:50 Command: request 
INFO: OK
17.10.2011 18:32:04 Command: request 
INFO: OK
17.10.2011 18:32:23 Command: work 
INFO: Agenda: fault | Move: light1_a1n1d_low_move | Speak: null
17.10.2011 18:32:49 Command: request 
INFO: OK
17.10.2011 18:33:07 Command: request 
INFO: OK
17.10.2011 18:33:07 Command: request 
INFO: OK
17.10.2011 18:33:07 Command: request 
INFO: OK
17.10.2011 18:33:07 Command: request 
INFO: OK
17.10.2011 18:33:08 Command: request 
INFO: OK
17.10.2011 18:33:08 Command: request 
INFO: OK
17.10.2011 18:33:08 Command: request 
INFO: OK
17.10.2011 18:33:08 Command: request 
INFO: OK
17.10.2011 18:33:21 Command: request 
INFO: OK
17.10.2011 18:33:40 Command: work 
INFO: Agenda: fault | Move: light1_a1n1d_LightsOff_move | Speak: null
17.10.2011 18:33:54 Command: request 
INFO: OK
17.10.2011 18:34:08 Command: request 
INFO: OK
17.10.2011 18:34:08 Command: request 
INFO: OK
17.10.2011 18:34:09 Command: request 
INFO: OK
17.10.2011 18:34:09 Command: request 
INFO: OK
17.10.2011 18:34:09 Command: request 
INFO: OK
17.10.2011 18:34:09 Command: request 
INFO: OK
17.10.2011 18:34:30 Command: request 
INFO: OK
17.10.2011 18:34:49 Command: work 
INFO: Agenda: fault | Move: light1_a1n1d_veryHigh_move | Speak: null
17.10.2011 18:35:06 Command: request 
INFO: OK
17.10.2011 18:35:20 Command: request 
INFO: OK
17.10.2011 18:35:20 Command: request 
INFO: OK
17.10.2011 18:35:21 Command: request 
INFO: OK
17.10.2011 18:35:21 Command: request 
INFO: OK
17.10.2011 18:35:21 Command: request 
INFO: OK
17.10.2011 18:35:21 Command: request 
INFO: OK
17.10.2011 18:35:35 Command: request 
INFO: OK
17.10.2011 18:35:55 Command: work 
INFO: Agenda: fault | Move: light1_a1n1d_veryLow_move | Speak: null
17.10.2011 18:36:11 Command: request 
INFO: OK
17.10.2011 18:36:26 Command: request 
INFO: OK
17.10.2011 18:36:26 Command: request 
INFO: OK
17.10.2011 18:36:27 Command: request 
INFO: OK
17.10.2011 18:36:27 Command: request 
INFO: OK
17.10.2011 18:36:27 Command: request 
INFO: OK
17.10.2011 18:36:27 Command: request 
INFO: OK
17.10.2011 18:36:27 Command: request 
INFO: OK
17.10.2011 18:36:27 Command: request 
INFO: OK
17.10.2011 18:36:27 Command: request 
INFO: OK
17.10.2011 18:36:28 Command: request 
INFO: OK
17.10.2011 18:36:40 Command: request 
INFO: OK
17.10.2011 18:37:01 Command: work 
INFO: Agenda: fault | Move: light1_a1n1d_veryLow_move | Speak: null
17.10.2011 18:37:15 Command: request 
INFO: OK
17.10.2011 18:37:39 Command: request 
INFO: OK
17.10.2011 18:37:39 Command: request 
INFO: OK
17.10.2011 18:37:39 Command: request 
INFO: OK
17.10.2011 18:37:41 Command: request 
INFO: OK
17.10.2011 18:37:41 Command: request 
INFO: OK
17.10.2011 18:37:42 Command: request 
INFO: OK
17.10.2011 18:37:42 Command: request 
INFO: OK
17.10.2011 18:37:42 Command: request 
INFO: OK
17.10.2011 18:37:42 Command: request 
INFO: OK
17.10.2011 18:37:42 Command: request 
INFO: OK
17.10.2011 18:37:55 Command: request 
INFO: OK
17.10.2011 18:38:16 Command: work 
INFO: Agenda: fault | Move: light1_a1n1d_medium_move | Speak: null
17.10.2011 18:39:08 Command: request 
INFO: OK
17.10.2011 18:39:24 Command: request 
INFO: OK
17.10.2011 18:39:24 Command: request 
INFO: OK
17.10.2011 18:39:25 Command: request 
INFO: OK
17.10.2011 18:39:25 Command: request 
INFO: OK
17.10.2011 18:39:25 Command: request 
INFO: OK
17.10.2011 18:39:25 Command: request 
INFO: OK
17.10.2011 18:39:25 Command: request 
INFO: OK
17.10.2011 18:39:45 Command: request 
INFO: OK
17.10.2011 18:40:06 Command: work 
INFO: Agenda: fault | Move: light1_a1n1d_veryHigh_move | Speak: null
17.10.2011 18:40:24 Command: request 
INFO: OK
17.10.2011 18:40:40 Command: request 
INFO: OK
17.10.2011 18:40:40 Command: request 
INFO: OK
17.10.2011 18:40:40 Command: request 
INFO: OK
17.10.2011 18:40:41 Command: request 
INFO: OK
17.10.2011 18:40:41 Command: request 
INFO: OK
17.10.2011 18:40:41 Command: request 
INFO: OK
17.10.2011 18:41:17 Command: request 
INFO: OK
17.10.2011 18:41:39 Command: work 
INFO: Agenda: fault | Move: light1_a1n1d_veryHigh_move | Speak: null
17.10.2011 18:42:00 Command: request 
INFO: OK
17.10.2011 18:42:17 Command: request 
INFO: OK
17.10.2011 18:42:17 Command: request 
INFO: OK
17.10.2011 18:42:17 Command: request 
INFO: OK
17.10.2011 18:42:18 Command: request 
INFO: OK
17.10.2011 18:42:19 Command: request 
INFO: OK
17.10.2011 18:42:19 Command: request 
INFO: OK
17.10.2011 18:42:20 Command: request 
INFO: OK
17.10.2011 18:42:20 Command: request 
INFO: OK
17.10.2011 18:42:20 Command: request 
INFO: OK
17.10.2011 18:42:36 Command: request 
INFO: OK
17.10.2011 18:42:58 Command: work 
INFO: Agenda: fault | Move: light1_a1n1d_veryHigh_move | Speak: null
