15.02.2011 08:34:07 Command: request 
INFO: OK
15.02.2011 08:34:10 Command: request 
INFO: OK
15.02.2011 08:51:57 Command: request 
INFO: OK
15.02.2011 08:54:11 Command: request 
INFO: OK
15.02.2011 09:10:27 Command: request 
INFO: OK
15.02.2011 09:11:38 Command: request 
INFO: OK
15.02.2011 09:11:59 Command: reset 
INFO: OK
15.02.2011 09:12:01 Command: request 
INFO: OK
15.02.2011 09:13:19 Command: request 
INFO: OK
15.02.2011 09:13:22 Command: request 
INFO: OK
15.02.2011 09:13:23 Command: request 
INFO: OK
15.02.2011 09:13:24 Command: request 
INFO: OK
15.02.2011 09:13:45 Command: request 
INFO: OK
15.02.2011 09:13:52 Command: request 
INFO: OK
15.02.2011 09:13:54 Command: request 
INFO: OK
15.02.2011 09:14:27 Command: request 
INFO: OK
15.02.2011 10:32:42 Command: request 
INFO: OK
15.02.2011 10:32:46 Command: request 
INFO: OK
15.02.2011 10:32:47 Command: request 
INFO: OK
15.02.2011 10:32:48 Command: request 
INFO: OK
15.02.2011 10:32:48 Command: request 
INFO: OK
15.02.2011 10:32:48 Command: request 
INFO: OK
15.02.2011 10:32:49 Command: request 
INFO: OK
15.02.2011 10:32:49 Command: request 
INFO: OK
15.02.2011 10:32:49 Command: request 
INFO: OK
15.02.2011 10:32:49 Command: request 
INFO: OK
15.02.2011 10:32:49 Command: request 
INFO: OK
15.02.2011 10:32:49 Command: request 
INFO: OK
15.02.2011 10:32:50 Command: request 
INFO: OK
15.02.2011 10:32:50 Command: request 
INFO: OK
15.02.2011 10:32:50 Command: request 
INFO: OK
15.02.2011 10:32:50 Command: request 
INFO: OK
15.02.2011 10:32:51 Command: request 
INFO: OK
15.02.2011 10:32:51 Command: request 
INFO: OK
15.02.2011 10:32:51 Command: request 
INFO: OK
15.02.2011 10:32:51 Command: request 
INFO: OK
15.02.2011 10:32:51 Command: request 
INFO: OK
15.02.2011 10:32:51 Command: request 
INFO: OK
15.02.2011 10:32:51 Command: request 
INFO: OK
15.02.2011 10:32:52 Command: request 
INFO: OK
15.02.2011 10:32:52 Command: request 
INFO: OK
15.02.2011 10:32:52 Command: request 
INFO: OK
15.02.2011 10:32:52 Command: request 
INFO: OK
15.02.2011 10:32:52 Command: request 
INFO: OK
15.02.2011 10:32:52 Command: request 
INFO: OK
15.02.2011 10:32:53 Command: request 
INFO: OK
15.02.2011 10:32:53 Command: request 
INFO: OK
15.02.2011 10:33:17 Command: reset 
INFO: OK
15.02.2011 10:33:19 Command: request 
INFO: OK
15.02.2011 10:33:20 Command: request 
INFO: OK
15.02.2011 10:33:20 Command: request 
INFO: OK
15.02.2011 10:34:18 Command: request 
INFO: OK
15.02.2011 10:34:19 Command: request 
INFO: OK
15.02.2011 10:34:19 Command: request 
INFO: OK
15.02.2011 10:34:21 Command: reset 
INFO: OK
15.02.2011 10:34:23 Command: request 
INFO: OK
15.02.2011 10:34:24 Command: request 
INFO: OK
15.02.2011 10:34:25 Command: request 
INFO: OK
15.02.2011 10:34:39 Command: request 
INFO: OK
15.02.2011 10:34:39 Command: request 
INFO: OK
15.02.2011 10:34:40 Command: request 
INFO: OK
15.02.2011 10:34:44 Command: request 
INFO: OK
15.02.2011 10:35:30 Command: request 
INFO: OK
15.02.2011 10:35:33 Command: request 
INFO: OK
15.02.2011 10:35:44 Command: request 
INFO: OK
15.02.2011 10:36:05 Command: request 
INFO: OK
15.02.2011 10:37:02 Command: reset 
INFO: OK
15.02.2011 10:37:03 Command: request 
INFO: OK
15.02.2011 10:37:55 Command: request 
INFO: OK
15.02.2011 10:38:01 Command: reset 
INFO: OK
15.02.2011 10:38:02 Command: request 
INFO: OK
15.02.2011 10:38:27 Command: request 
INFO: OK
15.02.2011 10:38:29 Command: request 
INFO: OK
15.02.2011 10:38:30 Command: request 
INFO: OK
15.02.2011 10:38:31 Command: request 
INFO: OK
15.02.2011 10:38:31 Command: request 
INFO: OK
15.02.2011 10:38:32 Command: request 
INFO: OK
15.02.2011 10:39:52 Command: request 
INFO: OK
15.02.2011 10:39:53 Command: request 
INFO: OK
15.02.2011 10:39:54 Command: request 
INFO: OK
15.02.2011 10:39:55 Command: request 
INFO: OK
15.02.2011 10:39:55 Command: request 
INFO: OK
15.02.2011 10:41:09 Command: request 
INFO: OK
15.02.2011 10:41:27 Command: request 
INFO: OK
15.02.2011 10:50:48 Command: request 
INFO: OK
15.02.2011 10:51:46 Command: request 
INFO: OK
15.02.2011 10:53:43 Command: request 
INFO: OK
15.02.2011 10:56:25 Command: request 
INFO: OK
15.02.2011 10:56:59 Command: request 
INFO: OK
15.02.2011 11:02:48 Command: reset 
INFO: OK
15.02.2011 11:02:50 Command: request 
INFO: OK
15.02.2011 11:02:53 Command: request 
INFO: OK
15.02.2011 11:02:54 Command: request 
INFO: OK
15.02.2011 11:02:56 Command: request 
INFO: OK
15.02.2011 11:02:57 Command: request 
INFO: OK
15.02.2011 11:02:57 Command: request 
INFO: OK
15.02.2011 11:02:58 Command: request 
INFO: OK
15.02.2011 11:02:59 Command: request 
INFO: OK
15.02.2011 11:02:59 Command: request 
INFO: OK
15.02.2011 11:03:31 Command: reset 
INFO: OK
15.02.2011 11:03:33 Command: request 
INFO: OK
15.02.2011 11:03:35 Command: request 
INFO: OK
15.02.2011 11:03:36 Command: request 
INFO: OK
15.02.2011 11:04:06 Command: reset 
INFO: OK
15.02.2011 11:04:07 Command: request 
INFO: OK
15.02.2011 11:04:10 Command: request 
INFO: OK
15.02.2011 11:04:39 Command: request 
INFO: OK
15.02.2011 11:04:46 Command: work 
INFO: Agenda: question_agenda | Move: yesnoquestion_a1n1d_yes_move | Speak: yes
15.02.2011 11:04:50 Command: request 
INFO: OK
15.02.2011 11:04:53 Command: request 
INFO: noinput
15.02.2011 11:04:59 Command: work 
INFO: Agenda: fault | Move: light_a1n1d_LigthsOn_move | Speak: lights on
15.02.2011 11:05:06 Command: request 
INFO: noinput
15.02.2011 11:05:14 Command: work 
INFO: Agenda: fault | Move: light_a1n1d_LightsOff_move | Speak: lights off
15.02.2011 11:07:56 Command: request 
INFO: OK
15.02.2011 11:08:02 Command: reset 
INFO: OK
15.02.2011 11:09:00 Command: request 
INFO: OK
15.02.2011 11:09:03 Command: reset 
INFO: OK
15.02.2011 11:09:04 Command: request 
INFO: OK
15.02.2011 11:09:05 Command: request 
INFO: OK
15.02.2011 11:09:06 Command: request 
INFO: OK
15.02.2011 11:09:06 Command: request 
INFO: OK
15.02.2011 11:09:07 Command: request 
INFO: OK
15.02.2011 11:09:07 Command: request 
INFO: OK
15.02.2011 11:09:07 Command: request 
INFO: OK
15.02.2011 11:09:08 Command: request 
INFO: OK
15.02.2011 11:09:08 Command: request 
INFO: OK
15.02.2011 11:09:08 Command: request 
INFO: OK
15.02.2011 11:09:08 Command: request 
INFO: OK
15.02.2011 11:09:08 Command: request 
INFO: OK
15.02.2011 11:09:09 Command: request 
INFO: OK
15.02.2011 11:09:09 Command: request 
INFO: OK
15.02.2011 11:09:09 Command: request 
INFO: OK
15.02.2011 11:10:09 Command: work 
INFO: Agenda: fault | Move: light_a1n1d_low_move | Speak: null
15.02.2011 11:11:10 Command: work 
INFO: Agenda: question_agenda | Move: light_a1n1d_low_move | Speak: null
15.02.2011 11:12:48 Command: request 
INFO: OK
15.02.2011 11:12:49 Command: work 
INFO: Agenda: question_agenda | Move: light_a1n1d_low_move | Speak: null
15.02.2011 11:13:47 Command: request 
INFO: OK
15.02.2011 11:13:48 Command: request 
INFO: OK
15.02.2011 11:13:49 Command: request 
INFO: OK
15.02.2011 11:14:00 Command: work 
INFO: Agenda: question_agenda | Move: light_a1n1d_low_move | Speak: null
15.02.2011 11:14:26 Command: request 
INFO: OK
15.02.2011 11:17:22 Command: request 
INFO: OK
15.02.2011 11:23:04 Command: request 
INFO: OK
15.02.2011 11:23:06 Command: work 
INFO: Agenda: question_agenda | Move: light_a1n1d_low_move | Speak: null
15.02.2011 11:23:11 Command: work 
INFO: Agenda: question_agenda | Move: light_a1n1d_low_move | Speak: null
15.02.2011 11:23:12 Command: work 
INFO: Agenda: question_agenda | Move: light_a1n1d_low_move | Speak: null
15.02.2011 11:25:36 Command: reset 
INFO: OK
15.02.2011 11:25:38 Command: request 
INFO: OK
15.02.2011 11:26:06 Command: request 
INFO: OK
15.02.2011 11:26:11 Command: work 
INFO: Agenda: question_agenda | Move: yesnoquestion_a1n1d_no_move | Speak: no
15.02.2011 11:26:18 Command: work 
INFO: Agenda: fault | Move: light_a1n1d_LigthsOn_move | Speak: lights on
15.02.2011 11:26:24 Command: work 
INFO: Agenda: fault | Move: light_a1n1d_LightsOff_move | Speak: lights off
15.02.2011 11:26:28 Command: work 
INFO: Agenda: fault | Move: light_a1n1d_LigthsOn_move | Speak: lights on
15.02.2011 11:26:31 Command: work 
INFO: Agenda: fault | Move: light_a1n1d_LightsOff_move | Speak: lights off
15.02.2011 11:26:34 Command: work 
INFO: Agenda: fault | Move: light_a1n1d_LightsOff_move | Speak: lights off
15.02.2011 11:26:38 Command: request 
INFO: error.unsupported.language
15.02.2011 11:26:40 Command: request 
INFO: nomatch
15.02.2011 11:26:42 Command: work 
INFO: Agenda: fault | Move: light_a1n1d_LightsOff_move | Speak: lights off
15.02.2011 11:26:45 Command: request 
INFO: nomatch
15.02.2011 11:26:49 Command: work 
INFO: Agenda: fault | Move: light_a1n1d_LightsOff_move | Speak: lights off
15.02.2011 11:26:56 Command: request 
INFO: noinput
15.02.2011 11:27:00 Command: work 
INFO: Agenda: fault | Move: photos_a1n1d_start_move | Speak: photos
15.02.2011 11:27:04 Command: work 
INFO: Agenda: fault | Move: music_a1n1d_start_move | Speak: music
15.02.2011 11:27:09 Command: request 
INFO: nomatch
15.02.2011 11:27:12 Command: request 
INFO: OK
15.02.2011 11:27:16 Command: request 
INFO: OK
15.02.2011 11:27:17 Command: request 
INFO: noinput
15.02.2011 11:27:18 Command: request 
INFO: OK
15.02.2011 11:27:24 Command: request 
INFO: noinput
15.02.2011 11:27:28 Command: request 
INFO: OK
15.02.2011 11:27:31 Command: request 
INFO: noinput
15.02.2011 11:27:38 Command: request 
INFO: noinput
15.02.2011 11:27:45 Command: request 
INFO: noinput
15.02.2011 11:31:21 Command: request 
INFO: OK
15.02.2011 11:31:22 Command: request 
INFO: OK
15.02.2011 11:31:23 Command: request 
INFO: OK
15.02.2011 11:34:19 Command: request 
INFO: OK
15.02.2011 11:34:46 Command: request 
INFO: OK
15.02.2011 11:34:48 Command: request 
INFO: OK
15.02.2011 11:36:20 Command: request 
INFO: OK
15.02.2011 11:36:32 Command: reset 
INFO: OK
15.02.2011 11:36:34 Command: request 
INFO: OK
15.02.2011 11:36:46 Command: request 
INFO: OK
15.02.2011 11:36:51 Command: work 
INFO: Agenda: question_agenda | Move: yesnoquestion_a1n1d_yes_move | Speak: yes
15.02.2011 11:36:57 Command: work 
INFO: Agenda: fault | Move: light_a1n1d_LigthsOn_move | Speak: lights on
15.02.2011 11:37:03 Command: work 
INFO: Agenda: fault | Move: music_a1n1d_start_move | Speak: music
15.02.2011 11:37:08 Command: work 
INFO: Agenda: fault | Move: photos_a1n1d_start_move | Speak: photos
15.02.2011 11:37:08 Command: request 
INFO: OK
15.02.2011 11:37:15 Command: work 
INFO: Agenda: fault | Move: photos_a1n1d_next_move | Speak: next
15.02.2011 11:37:21 Command: work 
INFO: Agenda: fault | Move: music_a1n1d_next_move | Speak: music
15.02.2011 11:37:28 Command: request 
INFO: noinput
15.02.2011 11:37:30 Command: request 
INFO: nomatch
15.02.2011 11:37:34 Command: request 
INFO: nomatch
15.02.2011 11:37:40 Command: work 
INFO: Agenda: fault | Move: photos_a1n1d_prev_move | Speak: back
15.02.2011 11:37:45 Command: work 
INFO: Agenda: fault | Move: photos_a1n1d_prev_move | Speak: photos
15.02.2011 11:37:52 Command: request 
INFO: nomatch
15.02.2011 11:37:57 Command: work 
INFO: Agenda: fault | Move: light_a1n1d_LigthsOn_move | Speak: lights on
15.02.2011 11:38:01 Command: request 
INFO: OK
15.02.2011 11:38:05 Command: work 
INFO: Agenda: fault | Move: photos_a1n1d_play_move | Speak: play
15.02.2011 11:38:11 Command: work 
INFO: Agenda: fault | Move: photos_a1n1d_play_move | Speak: photos
15.02.2011 11:38:18 Command: work 
INFO: Agenda: fault | Move: photos_a1n1d_selectSlo_move | Speak: slovenia
15.02.2011 11:38:26 Command: work 
INFO: Agenda: fault | Move: photos_a1n1d_selectSwi_move | Speak: switzerland
15.02.2011 11:38:29 Command: work 
INFO: Agenda: fault | Move: light_a1n1d_LightsOff_move | Speak: lights off
15.02.2011 11:38:36 Command: work 
INFO: Agenda: fault | Move: photos_a1n1d_currentPic_move | Speak: photo details
15.02.2011 11:38:43 Command: request 
INFO: noinput
15.02.2011 11:38:50 Command: request 
INFO: noinput
15.02.2011 11:38:57 Command: request 
INFO: noinput
15.02.2011 11:39:51 Command: request 
INFO: OK
15.02.2011 11:40:00 Command: request 
INFO: OK
15.02.2011 11:40:02 Command: request 
INFO: OK
15.02.2011 11:40:03 Command: request 
INFO: OK
15.02.2011 11:40:04 Command: request 
INFO: OK
15.02.2011 11:40:04 Command: request 
INFO: OK
15.02.2011 11:40:05 Command: request 
INFO: OK
15.02.2011 11:40:47 Command: reset 
INFO: OK
15.02.2011 11:40:48 Command: request 
INFO: OK
15.02.2011 11:40:55 Command: request 
INFO: OK
15.02.2011 11:41:00 Command: work 
INFO: Agenda: question_agenda | Move: yesnoquestion_a1n1d_yes_move | Speak: yes
15.02.2011 11:41:08 Command: work 
INFO: Agenda: fault | Move: photos_a1n1d_start_move | Speak: photos
15.02.2011 11:41:11 Command: work 
INFO: Agenda: fault | Move: music_a1n1d_start_move | Speak: music
15.02.2011 11:41:12 Command: request 
INFO: OK
15.02.2011 11:41:17 Command: work 
INFO: Agenda: fault | Move: photos_a1n1d_currentPic_move | Speak: photo details
15.02.2011 11:41:18 Command: work 
INFO: Agenda: whichPic_agenda | Move: null | Speak: null
15.02.2011 11:41:27 Command: request 
INFO: noinput
15.02.2011 11:42:16 Command: request 
INFO: OK
15.02.2011 11:43:07 Command: work 
INFO: Agenda: fault | Move: photos_a1n1d_currentPic_move | Speak: null
15.02.2011 11:46:17 Command: reset 
INFO: OK
15.02.2011 11:46:20 Command: request 
INFO: OK
15.02.2011 11:46:41 Command: request 
INFO: OK
15.02.2011 12:14:13 Command: reset 
INFO: OK
15.02.2011 12:20:21 Command: request 
INFO: OK
15.02.2011 12:20:28 Command: reset 
INFO: OK
15.02.2011 12:20:31 Command: request 
INFO: OK
15.02.2011 12:24:11 Command: request 
INFO: OK
15.02.2011 12:24:15 Command: reset 
INFO: OK
15.02.2011 12:24:18 Command: request 
INFO: OK
15.02.2011 12:24:19 Command: request 
INFO: OK
15.02.2011 12:24:20 Command: request 
INFO: OK
15.02.2011 12:25:19 Command: work 
INFO: Agenda: fault | Move: photos_a1n1d_start_move | Speak: null
15.02.2011 12:26:13 Command: work 
INFO: Agenda: fault | Move: photos_a1n1d_currentPic_move | Speak: null
15.02.2011 12:26:59 Command: request 
INFO: OK
15.02.2011 12:27:01 Command: request 
INFO: OK
15.02.2011 12:28:11 Command: request 
INFO: OK
15.02.2011 12:28:14 Command: request 
INFO: OK
15.02.2011 12:28:15 Command: request 
INFO: OK
15.02.2011 12:28:16 Command: request 
INFO: OK
15.02.2011 12:28:25 Command: request 
INFO: OK
15.02.2011 12:28:44 Command: request 
INFO: OK
15.02.2011 12:41:39 Command: request 
INFO: OK
15.02.2011 14:11:24 Command: request 
INFO: OK
15.02.2011 14:11:28 Command: request 
INFO: OK
15.02.2011 14:11:29 Command: request 
INFO: OK
15.02.2011 14:11:30 Command: request 
INFO: OK
15.02.2011 14:11:30 Command: request 
INFO: OK
15.02.2011 14:11:30 Command: request 
INFO: OK
15.02.2011 14:11:30 Command: request 
INFO: OK
15.02.2011 14:11:30 Command: request 
INFO: OK
15.02.2011 14:11:30 Command: request 
INFO: OK
15.02.2011 14:11:31 Command: request 
INFO: OK
15.02.2011 14:11:31 Command: request 
INFO: OK
15.02.2011 14:11:31 Command: request 
INFO: OK
15.02.2011 14:11:31 Command: request 
INFO: OK
15.02.2011 14:11:31 Command: request 
INFO: OK
15.02.2011 14:11:32 Command: request 
INFO: OK
15.02.2011 14:11:39 Command: request 
INFO: OK
15.02.2011 14:18:19 Command: request 
INFO: OK
15.02.2011 14:28:07 Command: request 
INFO: OK
15.02.2011 14:28:17 Command: request 
INFO: OK
15.02.2011 14:28:18 Command: request 
INFO: OK
15.02.2011 14:28:19 Command: request 
INFO: OK
15.02.2011 14:28:53 Command: request 
INFO: OK
15.02.2011 14:37:02 Command: request 
INFO: OK
15.02.2011 14:39:36 Command: request 
INFO: OK
15.02.2011 14:40:16 Command: request 
INFO: OK
15.02.2011 15:05:29 Command: request 
INFO: OK
15.02.2011 15:06:23 Command: request 
INFO: OK
15.02.2011 15:09:39 Command: request 
INFO: OK
15.02.2011 15:12:49 Command: request 
INFO: OK
15.02.2011 15:14:17 Command: request 
INFO: OK
15.02.2011 15:15:53 Command: request 
INFO: OK
15.02.2011 15:25:26 Command: request 
INFO: OK
15.02.2011 15:29:06 Command: request 
INFO: OK
15.02.2011 15:29:29 Command: request 
INFO: OK
15.02.2011 15:29:30 Command: request 
INFO: OK
15.02.2011 15:33:28 Command: request 
INFO: OK
15.02.2011 15:34:29 Command: request 
INFO: OK
15.02.2011 15:34:30 Command: request 
INFO: OK
15.02.2011 15:34:31 Command: request 
INFO: OK
15.02.2011 15:37:57 Command: request 
INFO: OK
15.02.2011 15:40:16 Command: request 
INFO: OK
15.02.2011 15:44:31 Command: request 
INFO: OK
15.02.2011 15:45:53 Command: request 
INFO: OK
15.02.2011 15:46:19 Command: request 
INFO: OK
15.02.2011 15:47:10 Command: request 
INFO: OK
15.02.2011 15:48:17 Command: request 
INFO: OK
15.02.2011 15:48:36 Command: request 
INFO: OK
15.02.2011 15:49:47 Command: request 
INFO: OK
15.02.2011 15:49:49 Command: request 
INFO: OK
15.02.2011 15:49:50 Command: request 
INFO: OK
15.02.2011 15:49:51 Command: request 
INFO: OK
15.02.2011 15:49:52 Command: request 
INFO: OK
15.02.2011 15:49:52 Command: request 
INFO: OK
15.02.2011 15:49:53 Command: request 
INFO: OK
15.02.2011 15:49:53 Command: request 
INFO: OK
15.02.2011 15:49:54 Command: request 
INFO: OK
15.02.2011 15:49:54 Command: request 
INFO: OK
15.02.2011 15:50:06 Command: request 
INFO: OK
15.02.2011 15:50:06 Command: request 
INFO: OK
15.02.2011 15:50:06 Command: request 
INFO: OK
15.02.2011 15:50:06 Command: request 
INFO: OK
15.02.2011 15:50:07 Command: request 
INFO: OK
15.02.2011 15:50:07 Command: request 
INFO: OK
15.02.2011 15:50:07 Command: request 
INFO: OK
15.02.2011 15:50:08 Command: request 
INFO: OK
15.02.2011 15:50:08 Command: request 
INFO: OK
15.02.2011 15:50:08 Command: request 
INFO: OK
15.02.2011 15:50:08 Command: request 
INFO: OK
15.02.2011 15:50:08 Command: request 
INFO: OK
15.02.2011 15:50:08 Command: request 
INFO: OK
15.02.2011 15:50:08 Command: request 
INFO: OK
15.02.2011 15:50:08 Command: request 
INFO: OK
15.02.2011 15:50:08 Command: request 
INFO: OK
15.02.2011 15:50:08 Command: request 
INFO: OK
15.02.2011 15:50:08 Command: request 
INFO: OK
15.02.2011 15:50:08 Command: request 
INFO: OK
15.02.2011 15:50:08 Command: request 
INFO: OK
15.02.2011 15:50:08 Command: request 
INFO: OK
15.02.2011 15:50:08 Command: request 
INFO: OK
15.02.2011 15:50:08 Command: request 
INFO: OK
15.02.2011 15:50:08 Command: request 
INFO: OK
15.02.2011 15:50:08 Command: request 
INFO: OK
15.02.2011 15:50:08 Command: request 
INFO: OK
15.02.2011 15:50:08 Command: request 
INFO: OK
15.02.2011 15:50:08 Command: request 
INFO: OK
15.02.2011 15:50:08 Command: request 
INFO: OK
15.02.2011 15:50:08 Command: request 
INFO: OK
15.02.2011 15:50:09 Command: request 
INFO: OK
15.02.2011 15:50:09 Command: request 
INFO: OK
15.02.2011 15:50:09 Command: request 
INFO: OK
15.02.2011 15:50:09 Command: request 
INFO: OK
15.02.2011 15:50:09 Command: request 
INFO: OK
15.02.2011 15:50:09 Command: request 
INFO: OK
15.02.2011 15:50:09 Command: request 
INFO: OK
15.02.2011 15:50:09 Command: request 
INFO: OK
15.02.2011 15:50:09 Command: request 
INFO: OK
15.02.2011 15:50:09 Command: request 
INFO: OK
15.02.2011 15:50:09 Command: request 
INFO: OK
15.02.2011 15:50:09 Command: request 
INFO: OK
15.02.2011 15:50:09 Command: request 
INFO: OK
15.02.2011 15:50:09 Command: request 
INFO: OK
15.02.2011 15:50:09 Command: request 
INFO: OK
15.02.2011 15:50:09 Command: request 
INFO: OK
15.02.2011 15:50:09 Command: request 
INFO: OK
15.02.2011 15:50:09 Command: request 
INFO: OK
15.02.2011 15:50:09 Command: request 
INFO: OK
15.02.2011 15:50:09 Command: request 
INFO: OK
15.02.2011 15:50:09 Command: request 
INFO: OK
15.02.2011 15:50:09 Command: request 
INFO: OK
15.02.2011 15:50:09 Command: request 
INFO: OK
15.02.2011 15:50:09 Command: request 
INFO: OK
15.02.2011 15:50:09 Command: request 
INFO: OK
15.02.2011 15:50:09 Command: request 
INFO: OK
15.02.2011 15:50:09 Command: request 
INFO: OK
15.02.2011 15:50:09 Command: request 
INFO: OK
15.02.2011 15:50:09 Command: request 
INFO: OK
15.02.2011 15:50:09 Command: request 
INFO: OK
15.02.2011 15:50:10 Command: request 
INFO: OK
15.02.2011 15:50:11 Command: request 
INFO: OK
15.02.2011 15:51:09 Command: reset 
INFO: OK
15.02.2011 15:51:12 Command: request 
INFO: OK
15.02.2011 15:51:17 Command: request 
INFO: OK
15.02.2011 15:51:38 Command: request 
INFO: OK
15.02.2011 15:51:46 Command: request 
INFO: error.unsupported.language
15.02.2011 15:51:52 Command: work 
INFO: Agenda: question_agenda | Move: yesnoquestion_a1n1d_yes_move | Speak: yes
15.02.2011 15:51:52 Command: work 
INFO: Agenda: whichPic_agenda | Move: null | Speak: null
15.02.2011 15:52:01 Command: request 
INFO: error.unsupported.language
15.02.2011 15:52:06 Command: request 
INFO: error.unsupported.language
15.02.2011 15:52:09 Command: request 
INFO: OK
15.02.2011 15:52:11 Command: request 
INFO: nomatch
15.02.2011 15:52:19 Command: work 
INFO: Agenda: fault | Move: light_a1n1d_LigthsOn_move | Speak: lights on
15.02.2011 15:52:27 Command: request 
INFO: nomatch
15.02.2011 15:52:32 Command: reset 
INFO: OK
15.02.2011 15:52:33 Command: request 
INFO: OK
15.02.2011 15:53:56 Command: request 
INFO: OK
15.02.2011 15:54:03 Command: request 
INFO: OK
15.02.2011 15:54:08 Command: work 
INFO: Agenda: question_agenda | Move: yesnoquestion_a1n1d_yes_move | Speak: yes
15.02.2011 15:54:08 Command: work 
INFO: Agenda: whichPic_agenda | Move: null | Speak: null
15.02.2011 15:54:25 Command: reset 
INFO: OK
15.02.2011 15:54:27 Command: request 
INFO: OK
15.02.2011 15:55:22 Command: request 
INFO: OK
15.02.2011 15:55:29 Command: work 
INFO: Agenda: question_agenda | Move: yesnoquestion_a1n1d_yes_move | Speak: yes
15.02.2011 15:55:29 Command: work 
INFO: Agenda: whichPic_agenda | Move: null | Speak: null
15.02.2011 15:57:16 Command: reset 
INFO: OK
15.02.2011 15:57:19 Command: request 
INFO: OK
15.02.2011 15:57:27 Command: request 
INFO: OK
15.02.2011 15:57:33 Command: work 
INFO: Agenda: question_agenda | Move: yesnoquestion_a1n1d_yes_move | Speak: yes
15.02.2011 15:57:40 Command: request 
INFO: noinput
15.02.2011 15:57:41 Command: request 
INFO: OK
15.02.2011 15:57:46 Command: work 
INFO: Agenda: fault | Move: photos_a1n1d_start_move | Speak: start photos
15.02.2011 15:57:51 Command: work 
INFO: Agenda: fault | Move: photos_a1n1d_currentPic_move | Speak: photo details
15.02.2011 15:57:59 Command: request 
INFO: noinput
15.02.2011 15:58:01 Command: request 
INFO: OK
15.02.2011 15:58:06 Command: request 
INFO: noinput
15.02.2011 15:58:13 Command: request 
INFO: noinput
15.02.2011 15:58:20 Command: request 
INFO: OK
15.02.2011 15:58:27 Command: work 
INFO: Agenda: fault | Move: photos_a1n1d_currentPic_move | Speak: photo details
15.02.2011 16:00:10 Command: reset 
INFO: OK
15.02.2011 16:00:13 Command: request 
INFO: OK
15.02.2011 16:00:04 Command: request 
INFO: OK
15.02.2011 16:00:15 Command: request 
INFO: OK
15.02.2011 16:00:21 Command: request 
INFO: error.unsupported.language
15.02.2011 16:00:26 Command: work 
INFO: Agenda: question_agenda | Move: yesnoquestion_a1n1d_yes_move | Speak: yes
15.02.2011 16:00:31 Command: request 
INFO: OK
15.02.2011 16:00:34 Command: request 
INFO: noinput
15.02.2011 16:00:41 Command: request 
INFO: noinput
15.02.2011 16:00:45 Command: request 
INFO: nomatch
15.02.2011 16:00:50 Command: work 
INFO: Agenda: fault | Move: photos_a1n1d_start_move | Speak: start photos
15.02.2011 16:00:54 Command: request 
INFO: OK
15.02.2011 16:00:57 Command: request 
INFO: noinput
15.02.2011 16:01:04 Command: request 
INFO: noinput
15.02.2011 16:01:08 Command: work 
INFO: Agenda: fault | Move: photos_a1n1d_currentPic_move | Speak: photo details
15.02.2011 16:04:12 Command: request 
INFO: OK
15.02.2011 16:04:54 Command: reset 
INFO: OK
15.02.2011 16:04:56 Command: request 
INFO: OK
15.02.2011 16:07:09 Command: request 
INFO: OK
15.02.2011 16:07:27 Command: request 
INFO: OK
15.02.2011 16:07:33 Command: work 
INFO: Agenda: question_agenda | Move: yesnoquestion_a1n1d_yes_move | Speak: yes
15.02.2011 16:07:33 Command: work 
INFO: Agenda: whichPic_agenda | Move: null | Speak: null
15.02.2011 16:07:42 Command: request 
INFO: noinput
15.02.2011 16:07:44 Command: reset 
INFO: OK
15.02.2011 16:07:47 Command: request 
INFO: OK
15.02.2011 16:07:49 Command: request 
INFO: noinput
15.02.2011 16:07:54 Command: work 
INFO: Agenda: question_agenda | Move: yesnoquestion_a1n1d_yes_move | Speak: yes
15.02.2011 16:07:55 Command: work 
INFO: Agenda: whichPic_agenda | Move: null | Speak: null
15.02.2011 16:08:04 Command: request 
INFO: noinput
15.02.2011 16:08:11 Command: request 
INFO: noinput
15.02.2011 16:08:18 Command: request 
INFO: noinput
15.02.2011 16:09:01 Command: request 
INFO: OK
15.02.2011 16:09:11 Command: request 
INFO: OK
15.02.2011 16:09:20 Command: request 
INFO: OK
15.02.2011 16:09:26 Command: work 
INFO: Agenda: fault | Move: photos_a1n1d_start_move | Speak: photos
15.02.2011 16:09:31 Command: request 
INFO: OK
15.02.2011 16:09:31 Command: request 
INFO: nomatch
15.02.2011 16:09:37 Command: work 
INFO: Agenda: fault | Move: photos_a1n1d_currentPic_move | Speak: photo details
15.02.2011 16:09:44 Command: request 
INFO: noinput
15.02.2011 16:10:24 Command: request 
INFO: OK
15.02.2011 16:23:39 Command: reset 
INFO: OK
15.02.2011 16:23:52 Command: request 
INFO: OK
15.02.2011 16:24:05 Command: request 
INFO: OK
15.02.2011 16:24:11 Command: work 
INFO: Agenda: question_agenda | Move: yesnoquestion_a1n1d_yes_move | Speak: yes
15.02.2011 16:24:11 Command: work 
INFO: Agenda: whichPic_agenda | Move: null | Speak: null
15.02.2011 16:24:19 Command: reset 
INFO: OK
15.02.2011 16:25:21 Command: request 
INFO: OK
15.02.2011 16:26:12 Command: request 
INFO: OK
15.02.2011 16:26:19 Command: request 
INFO: OK
15.02.2011 16:26:25 Command: work 
INFO: Agenda: question_agenda | Move: yesnoquestion_a1n1d_yes_move | Speak: yes
15.02.2011 16:26:33 Command: request 
INFO: nomatch
15.02.2011 16:26:42 Command: request 
INFO: error.unsupported.language
15.02.2011 16:26:47 Command: request 
INFO: error.unsupported.language
15.02.2011 16:26:51 Command: request 
INFO: error.unsupported.language
15.02.2011 16:26:55 Command: request 
INFO: nomatch
15.02.2011 16:27:00 Command: work 
INFO: Agenda: fault | Move: photos_a1n1d_start_move | Speak: photos
15.02.2011 16:27:06 Command: work 
INFO: Agenda: fault | Move: photos_a1n1d_currentPic_move | Speak: photo details
15.02.2011 16:27:42 Command: reset 
INFO: OK
15.02.2011 16:27:45 Command: request 
INFO: OK
15.02.2011 16:30:32 Command: request 
INFO: OK
15.02.2011 16:30:37 Command: work 
INFO: Agenda: question_agenda | Move: yesnoquestion_a1n1d_yes_move | Speak: yes
15.02.2011 16:30:45 Command: request 
INFO: noinput
15.02.2011 16:30:49 Command: request 
INFO: nomatch
15.02.2011 16:30:53 Command: work 
INFO: Agenda: fault | Move: photos_a1n1d_start_move | Speak: photos
15.02.2011 16:30:59 Command: work 
INFO: Agenda: fault | Move: photos_a1n1d_currentPic_move | Speak: photo details
15.02.2011 16:31:07 Command: reset 
INFO: OK
15.02.2011 16:32:38 Command: reset 
INFO: OK
15.02.2011 16:33:10 Command: request 
INFO: OK
15.02.2011 16:33:17 Command: reset 
INFO: OK
15.02.2011 16:33:20 Command: request 
INFO: OK
15.02.2011 16:33:26 Command: request 
INFO: OK
15.02.2011 16:33:31 Command: work 
INFO: Agenda: question_agenda | Move: yesnoquestion_a1n1d_yes_move | Speak: yes
15.02.2011 16:33:38 Command: reset 
INFO: OK
15.02.2011 16:39:37 Command: request 
INFO: OK
15.02.2011 16:39:49 Command: request 
INFO: OK
15.02.2011 16:39:55 Command: work 
INFO: Agenda: question_agenda | Move: yesnoquestion_a1n1d_yes_move | Speak: yes
15.02.2011 16:40:02 Command: request 
INFO: noinput
15.02.2011 16:40:05 Command: request 
INFO: error.unsupported.language
15.02.2011 16:40:13 Command: request 
INFO: noinput
15.02.2011 16:40:16 Command: work 
INFO: Agenda: fault | Move: photos_a1n1d_start_move | Speak: photos
15.02.2011 16:40:22 Command: work 
INFO: Agenda: fault | Move: photos_a1n1d_currentPic_move | Speak: photo details
15.02.2011 16:40:27 Command: request 
INFO: OK
15.02.2011 16:40:29 Command: request 
INFO: noinput
15.02.2011 16:41:03 Command: reset 
INFO: OK
15.02.2011 16:44:56 Command: request 
INFO: OK
15.02.2011 16:44:59 Command: reset 
INFO: OK
15.02.2011 16:45:28 Command: request 
INFO: OK
15.02.2011 16:45:33 Command: work 
INFO: Agenda: question_agenda | Move: yesnoquestion_a1n1d_yes_move | Speak: yes
15.02.2011 16:45:39 Command: work 
INFO: Agenda: fault | Move: photos_a1n1d_start_move | Speak: start photos
15.02.2011 16:45:43 Command: work 
INFO: Agenda: fault | Move: photos_a1n1d_currentPic_move | Speak: photo details
15.02.2011 16:45:51 Command: request 
INFO: noinput
15.02.2011 16:45:52 Command: request 
INFO: OK
15.02.2011 16:45:58 Command: reset 
INFO: OK
15.02.2011 16:46:00 Command: request 
INFO: OK
15.02.2011 16:48:20 Command: request 
INFO: OK
15.02.2011 16:48:54 Command: request 
INFO: OK
15.02.2011 16:51:41 Command: request 
INFO: OK
15.02.2011 16:52:58 Command: request 
INFO: OK
15.02.2011 16:54:22 Command: request 
INFO: OK
15.02.2011 16:54:53 Command: request 
INFO: OK
15.02.2011 16:54:59 Command: work 
INFO: Agenda: question_agenda | Move: yesnoquestion_a1n1d_yes_move | Speak: yes
15.02.2011 16:54:59 Command: work 
INFO: Agenda: whichPic_agenda | Move: null | Speak: null
15.02.2011 16:56:20 Command: reset 
INFO: OK
15.02.2011 16:56:27 Command: request 
INFO: OK
15.02.2011 16:56:34 Command: request 
INFO: OK
15.02.2011 16:56:40 Command: request 
INFO: error.unsupported.language
15.02.2011 16:56:45 Command: work 
INFO: Agenda: question_agenda | Move: yesnoquestion_a1n1d_yes_move | Speak: yes
15.02.2011 16:56:45 Command: work 
INFO: Agenda: whichPic_agenda | Move: null | Speak: null
15.02.2011 17:01:21 Command: reset 
INFO: OK
15.02.2011 17:01:24 Command: request 
INFO: OK
15.02.2011 17:01:42 Command: request 
INFO: OK
15.02.2011 17:01:48 Command: work 
INFO: Agenda: question_agenda | Move: yesnoquestion_a1n1d_yes_move | Speak: yes
15.02.2011 17:01:48 Command: work 
INFO: Agenda: whichPic_agenda | Move: null | Speak: null
15.02.2011 17:06:03 Command: request 
INFO: OK
15.02.2011 17:06:16 Command: reset 
INFO: OK
15.02.2011 17:06:19 Command: request 
INFO: OK
15.02.2011 17:06:26 Command: request 
INFO: OK
15.02.2011 17:06:31 Command: work 
INFO: Agenda: question_agenda | Move: yesnoquestion_a1n1d_yes_move | Speak: yes
15.02.2011 17:06:31 Command: work 
INFO: Agenda: whichPic_agenda | Move: null | Speak: null
15.02.2011 17:06:38 Command: work 
INFO: Agenda: fault | Move: photos_a1n1d_start_move | Speak: start photos
15.02.2011 17:06:45 Command: work 
INFO: Agenda: fault | Move: photos_a1n1d_currentPic_move | Speak: photo details
15.02.2011 17:10:57 Command: request 
INFO: OK
15.02.2011 17:14:00 Command: request 
INFO: OK
15.02.2011 17:15:54 Command: request 
INFO: OK
15.02.2011 17:17:13 Command: request 
INFO: OK
15.02.2011 17:22:15 Command: request 
INFO: OK
15.02.2011 17:23:07 Command: reset 
INFO: OK
15.02.2011 17:23:22 Command: request 
INFO: OK
15.02.2011 17:23:42 Command: reset 
INFO: OK
15.02.2011 17:23:45 Command: request 
INFO: OK
15.02.2011 17:26:15 Command: request 
INFO: OK
15.02.2011 17:29:15 Command: request 
INFO: OK
15.02.2011 17:30:58 Command: request 
INFO: OK
15.02.2011 17:31:15 Command: reset 
INFO: OK
15.02.2011 17:31:18 Command: request 
INFO: OK
15.02.2011 17:33:14 Command: request 
INFO: OK
15.02.2011 17:34:16 Command: request 
INFO: OK
15.02.2011 17:34:42 Command: request 
INFO: OK
15.02.2011 17:34:47 Command: work 
INFO: Agenda: question_agenda | Move: yesnoquestion_a1n1d_no_move | Speak: no
15.02.2011 17:34:54 Command: work 
INFO: Agenda: fault | Move: photos_a1n1d_start_move | Speak: start photos
15.02.2011 17:34:59 Command: work 
INFO: Agenda: fault | Move: photos_a1n1d_currentPic_move | Speak: photo details
15.02.2011 17:34:59 Command: work 
INFO: Agenda: whichPic_agenda | Move: null | Speak: null
15.02.2011 17:35:08 Command: request 
INFO: noinput
15.02.2011 17:35:16 Command: request 
INFO: noinput
15.02.2011 17:35:23 Command: request 
INFO: noinput
15.02.2011 17:35:24 Command: reset 
INFO: OK
15.02.2011 17:35:30 Command: request 
INFO: noinput
15.02.2011 17:35:35 Command: work 
INFO: Agenda: question_agenda | Move: yesnoquestion_a1n1d_yes_move | Speak: yes
15.02.2011 17:35:42 Command: request 
INFO: noinput
15.02.2011 17:35:45 Command: request 
INFO: OK
15.02.2011 17:35:49 Command: request 
INFO: noinput
15.02.2011 17:35:52 Command: work 
INFO: Agenda: fault | Move: music_a1n1d_start_move | Speak: music
15.02.2011 17:35:57 Command: work 
INFO: Agenda: fault | Move: photos_a1n1d_start_move | Speak: photos
15.02.2011 17:36:01 Command: work 
INFO: Agenda: fault | Move: photos_a1n1d_currentPic_move | Speak: photo details
15.02.2011 17:36:01 Command: work 
INFO: Agenda: whichPic_agenda | Move: null | Speak: null
15.02.2011 17:36:06 Command: work 
INFO: Agenda: fault | Move: photos_a1n1d_next_move | Speak: next
15.02.2011 17:36:12 Command: work 
INFO: Agenda: fault | Move: music_a1n1d_next_move | Speak: music
15.02.2011 17:36:19 Command: request 
INFO: noinput
15.02.2011 17:36:19 Command: request 
INFO: OK
15.02.2011 17:36:26 Command: request 
INFO: noinput
