27.09.2011 15:31:23 Command: request 
INFO: OK
27.09.2011 15:31:39 Command: request 
INFO: OK
27.09.2011 15:31:44 Command: request 
INFO: OK
27.09.2011 15:31:44 Command: request 
INFO: OK
27.09.2011 15:31:44 Command: request 
INFO: OK
27.09.2011 15:31:44 Command: request 
INFO: OK
27.09.2011 15:31:44 Command: request 
INFO: OK
27.09.2011 15:31:45 Command: request 
INFO: OK
27.09.2011 15:31:45 Command: request 
INFO: OK
27.09.2011 15:31:45 Command: request 
INFO: OK
27.09.2011 15:31:45 Command: request 
INFO: OK
27.09.2011 15:31:45 Command: request 
INFO: OK
27.09.2011 15:31:45 Command: request 
INFO: OK
27.09.2011 15:31:45 Command: request 
INFO: OK
27.09.2011 15:31:45 Command: request 
INFO: OK
27.09.2011 15:31:45 Command: request 
INFO: OK
27.09.2011 15:31:45 Command: request 
INFO: OK
27.09.2011 15:31:45 Command: request 
INFO: OK
27.09.2011 15:31:45 Command: request 
INFO: OK
27.09.2011 15:31:45 Command: request 
INFO: OK
27.09.2011 15:31:45 Command: request 
INFO: OK
27.09.2011 15:31:46 Command: request 
INFO: OK
27.09.2011 15:31:46 Command: request 
INFO: OK
27.09.2011 15:31:46 Command: request 
INFO: OK
27.09.2011 15:31:46 Command: request 
INFO: OK
27.09.2011 15:31:46 Command: request 
INFO: OK
27.09.2011 15:31:46 Command: request 
INFO: OK
27.09.2011 15:31:46 Command: request 
INFO: OK
27.09.2011 15:31:46 Command: request 
INFO: OK
27.09.2011 15:31:46 Command: request 
INFO: OK
27.09.2011 15:31:46 Command: request 
INFO: OK
27.09.2011 15:31:46 Command: request 
INFO: OK
27.09.2011 15:31:46 Command: request 
INFO: OK
27.09.2011 15:31:46 Command: request 
INFO: OK
27.09.2011 15:31:46 Command: request 
INFO: OK
27.09.2011 15:31:47 Command: request 
INFO: OK
27.09.2011 15:31:47 Command: request 
INFO: OK
27.09.2011 15:31:47 Command: request 
INFO: OK
27.09.2011 15:31:47 Command: request 
INFO: OK
27.09.2011 15:31:47 Command: request 
INFO: OK
27.09.2011 15:31:47 Command: request 
INFO: OK
27.09.2011 15:31:47 Command: request 
INFO: OK
27.09.2011 15:31:47 Command: request 
INFO: OK
27.09.2011 15:31:47 Command: request 
INFO: OK
27.09.2011 15:31:47 Command: request 
INFO: OK
27.09.2011 15:31:47 Command: request 
INFO: OK
27.09.2011 15:31:47 Command: request 
INFO: OK
27.09.2011 15:31:47 Command: request 
INFO: OK
27.09.2011 15:31:47 Command: request 
INFO: OK
27.09.2011 15:31:48 Command: request 
INFO: OK
27.09.2011 15:31:48 Command: request 
INFO: OK
27.09.2011 15:31:48 Command: request 
INFO: OK
27.09.2011 15:31:48 Command: request 
INFO: OK
27.09.2011 15:31:48 Command: request 
INFO: OK
27.09.2011 15:31:48 Command: request 
INFO: OK
27.09.2011 15:31:48 Command: request 
INFO: OK
27.09.2011 15:31:48 Command: request 
INFO: OK
27.09.2011 15:31:48 Command: request 
INFO: OK
27.09.2011 15:31:48 Command: request 
INFO: OK
27.09.2011 15:31:48 Command: request 
INFO: OK
27.09.2011 15:31:48 Command: request 
INFO: OK
27.09.2011 15:31:48 Command: request 
INFO: OK
27.09.2011 16:17:46 Command: request 
INFO: OK
27.09.2011 16:18:07 Command: request 
INFO: OK
27.09.2011 16:18:07 Command: request 
INFO: OK
27.09.2011 16:18:07 Command: request 
INFO: OK
27.09.2011 16:18:07 Command: request 
INFO: OK
27.09.2011 16:18:07 Command: request 
INFO: OK
27.09.2011 16:18:07 Command: request 
INFO: OK
27.09.2011 16:18:07 Command: request 
INFO: OK
27.09.2011 16:18:07 Command: request 
INFO: OK
27.09.2011 16:18:07 Command: request 
INFO: OK
27.09.2011 16:18:07 Command: request 
INFO: OK
27.09.2011 16:18:07 Command: request 
INFO: OK
27.09.2011 16:18:07 Command: request 
INFO: OK
27.09.2011 16:18:07 Command: request 
INFO: OK
27.09.2011 16:18:08 Command: request 
INFO: OK
27.09.2011 16:18:08 Command: request 
INFO: OK
27.09.2011 16:18:08 Command: request 
INFO: OK
27.09.2011 16:18:08 Command: request 
INFO: OK
27.09.2011 16:18:08 Command: request 
INFO: OK
27.09.2011 16:18:08 Command: request 
INFO: OK
27.09.2011 16:18:08 Command: request 
INFO: OK
27.09.2011 16:18:08 Command: request 
INFO: OK
27.09.2011 16:18:08 Command: request 
INFO: OK
27.09.2011 16:18:08 Command: request 
INFO: OK
27.09.2011 16:18:08 Command: request 
INFO: OK
27.09.2011 16:18:08 Command: request 
INFO: OK
27.09.2011 16:18:08 Command: request 
INFO: OK
27.09.2011 16:18:08 Command: request 
INFO: OK
27.09.2011 16:18:09 Command: request 
INFO: OK
27.09.2011 16:18:09 Command: request 
INFO: OK
27.09.2011 16:18:09 Command: request 
INFO: OK
27.09.2011 16:18:09 Command: request 
INFO: OK
27.09.2011 16:18:09 Command: request 
INFO: OK
27.09.2011 16:18:09 Command: request 
INFO: OK
27.09.2011 16:18:09 Command: request 
INFO: OK
27.09.2011 16:18:09 Command: request 
INFO: OK
27.09.2011 16:20:32 Command: request 
INFO: OK
27.09.2011 16:20:50 Command: request 
INFO: OK
27.09.2011 16:20:52 Command: request 
INFO: OK
27.09.2011 16:20:52 Command: request 
INFO: OK
27.09.2011 16:20:52 Command: request 
INFO: OK
27.09.2011 16:20:52 Command: request 
INFO: OK
27.09.2011 16:20:52 Command: request 
INFO: OK
27.09.2011 16:20:52 Command: request 
INFO: OK
27.09.2011 16:20:52 Command: request 
INFO: OK
27.09.2011 16:20:53 Command: request 
INFO: OK
27.09.2011 16:20:53 Command: request 
INFO: OK
27.09.2011 16:20:53 Command: request 
INFO: OK
27.09.2011 16:20:53 Command: request 
INFO: OK
27.09.2011 16:20:53 Command: request 
INFO: OK
27.09.2011 16:20:53 Command: request 
INFO: OK
27.09.2011 16:20:53 Command: request 
INFO: OK
27.09.2011 16:20:53 Command: request 
INFO: OK
27.09.2011 16:20:53 Command: request 
INFO: OK
27.09.2011 16:20:53 Command: request 
INFO: OK
27.09.2011 16:20:53 Command: request 
INFO: OK
27.09.2011 16:20:53 Command: request 
INFO: OK
27.09.2011 16:20:53 Command: request 
INFO: OK
27.09.2011 16:20:53 Command: request 
INFO: OK
27.09.2011 16:20:54 Command: request 
INFO: OK
27.09.2011 16:20:54 Command: request 
INFO: OK
27.09.2011 16:20:54 Command: request 
INFO: OK
27.09.2011 16:20:54 Command: request 
INFO: OK
27.09.2011 16:20:54 Command: request 
INFO: OK
27.09.2011 16:20:54 Command: request 
INFO: OK
27.09.2011 16:20:54 Command: request 
INFO: OK
27.09.2011 16:20:54 Command: request 
INFO: OK
27.09.2011 16:20:54 Command: request 
INFO: OK
27.09.2011 16:20:54 Command: request 
INFO: OK
27.09.2011 16:20:54 Command: request 
INFO: OK
27.09.2011 16:20:54 Command: request 
INFO: OK
27.09.2011 16:20:54 Command: request 
INFO: OK
27.09.2011 16:20:54 Command: request 
INFO: OK
27.09.2011 16:20:54 Command: request 
INFO: OK
27.09.2011 16:20:55 Command: request 
INFO: OK
27.09.2011 16:20:55 Command: request 
INFO: OK
27.09.2011 16:20:55 Command: request 
INFO: OK
27.09.2011 16:20:55 Command: request 
INFO: OK
27.09.2011 16:20:55 Command: request 
INFO: OK
27.09.2011 16:20:55 Command: request 
INFO: OK
27.09.2011 16:20:55 Command: request 
INFO: OK
27.09.2011 16:20:55 Command: request 
INFO: OK
27.09.2011 16:20:55 Command: request 
INFO: OK
27.09.2011 16:20:55 Command: request 
INFO: OK
27.09.2011 16:20:55 Command: request 
INFO: OK
27.09.2011 16:20:55 Command: request 
INFO: OK
27.09.2011 16:20:55 Command: request 
INFO: OK
27.09.2011 16:20:55 Command: request 
INFO: OK
27.09.2011 16:20:56 Command: request 
INFO: OK
27.09.2011 16:20:56 Command: request 
INFO: OK
27.09.2011 16:20:56 Command: request 
INFO: OK
27.09.2011 16:20:56 Command: request 
INFO: OK
27.09.2011 16:20:56 Command: request 
INFO: OK
27.09.2011 16:20:56 Command: request 
INFO: OK
27.09.2011 16:20:56 Command: request 
INFO: OK
27.09.2011 16:20:56 Command: request 
INFO: OK
27.09.2011 16:20:56 Command: request 
INFO: OK
27.09.2011 16:20:56 Command: request 
INFO: OK
27.09.2011 16:20:56 Command: request 
INFO: OK
27.09.2011 16:20:56 Command: request 
INFO: OK
27.09.2011 16:20:56 Command: request 
INFO: OK
27.09.2011 16:20:56 Command: request 
INFO: OK
27.09.2011 16:20:57 Command: request 
INFO: OK
27.09.2011 16:20:57 Command: request 
INFO: OK
27.09.2011 16:20:57 Command: request 
INFO: OK
27.09.2011 16:20:57 Command: request 
INFO: OK
27.09.2011 16:20:57 Command: request 
INFO: OK
27.09.2011 16:20:57 Command: request 
INFO: OK
27.09.2011 17:08:07 Command: request 
INFO: OK
27.09.2011 17:08:17 Command: request 
INFO: OK
27.09.2011 17:08:28 Command: request 
INFO: OK
27.09.2011 17:08:38 Command: request 
INFO: OK
27.09.2011 17:08:46 Command: work 
INFO: Agenda: question_agenda | Move: yesnoquestion_a1n1d_yes_move | Speak: ja
27.09.2011 17:08:55 Command: request 
INFO: OK
27.09.2011 17:09:44 Command: reset 
INFO: OK
27.09.2011 17:09:45 Command: request 
INFO: OK
27.09.2011 17:09:57 Command: request 
INFO: OK
